Mensaje I / 00:00:00:000 / Root(00) para top(01)
Mensaje I / 00:00:00:000 / top(01) para bite(02)
Mensaje D / 00:00:00:000 / bite(02) / 00:00:00:000 para top(01)
Mensaje D / 00:00:00:000 / top(01) / 00:00:00:000 para Root(00)
Mensaje * / 00:00:00:000 / Root(00) para top(01)
Mensaje * / 00:00:00:000 / top(01) para bite(02)
Mensaje D / 00:00:00:000 / bite(02) / 00:00:02:000 para top(01)
Mensaje D / 00:00:00:000 / top(01) / 00:00:02:000 para Root(00)
Mensaje * / 00:00:02:000 / Root(00) para top(01)
Mensaje * / 00:00:02:000 / top(01) para bite(02)
Mensaje D / 00:00:02:000 / bite(02) / 00:00:02:000 para top(01)
Mensaje D / 00:00:02:000 / top(01) / 00:00:02:000 para Root(00)
Mensaje * / 00:00:04:000 / Root(00) para top(01)
Mensaje * / 00:00:04:000 / top(01) para bite(02)
Mensaje D / 00:00:04:000 / bite(02) / 00:00:02:000 para top(01)
Mensaje D / 00:00:04:000 / top(01) / 00:00:02:000 para Root(00)
Mensaje * / 00:00:06:000 / Root(00) para top(01)
Mensaje * / 00:00:06:000 / top(01) para bite(02)
Mensaje D / 00:00:06:000 / bite(02) / 00:00:02:000 para top(01)
Mensaje D / 00:00:06:000 / top(01) / 00:00:02:000 para Root(00)
Mensaje X / 00:00:08:000 / Root(00) / enct /      1.00000 para top(01)
Mensaje X / 00:00:08:000 / top(01) / encounter /      1.00000 para bite(02)
Mensaje D / 00:00:08:000 / bite(02) / 00:00:00:000 para top(01)
Mensaje D / 00:00:08:000 / top(01) / 00:00:00:000 para Root(00)
Mensaje * / 00:00:08:000 / Root(00) para top(01)
Mensaje * / 00:00:08:000 / top(01) para bite(02)
Mensaje Y / 00:00:08:000 / bite(02) / bites /      1.00000 para top(01)
Mensaje D / 00:00:08:000 / bite(02) / 00:00:02:000 para top(01)
Mensaje Y / 00:00:08:000 / top(01) / bit /      1.00000 para Root(00)
Mensaje D / 00:00:08:000 / top(01) / 00:00:02:000 para Root(00)
Mensaje * / 00:00:10:000 / Root(00) para top(01)
Mensaje * / 00:00:10:000 / top(01) para bite(02)
Mensaje Y / 00:00:10:000 / bite(02) / bites /      1.00000 para top(01)
Mensaje D / 00:00:10:000 / bite(02) / 00:00:02:000 para top(01)
Mensaje Y / 00:00:10:000 / top(01) / bit /      1.00000 para Root(00)
Mensaje D / 00:00:10:000 / top(01) / 00:00:02:000 para Root(00)
Mensaje * / 00:00:12:000 / Root(00) para top(01)
Mensaje * / 00:00:12:000 / top(01) para bite(02)
Mensaje Y / 00:00:12:000 / bite(02) / bites /      1.00000 para top(01)
Mensaje D / 00:00:12:000 / bite(02) / 00:00:02:000 para top(01)
Mensaje Y / 00:00:12:000 / top(01) / bit /      1.00000 para Root(00)
Mensaje D / 00:00:12:000 / top(01) / 00:00:02:000 para Root(00)
Mensaje * / 00:00:14:000 / Root(00) para top(01)
Mensaje * / 00:00:14:000 / top(01) para bite(02)
Mensaje Y / 00:00:14:000 / bite(02) / bites /      1.00000 para top(01)
Mensaje D / 00:00:14:000 / bite(02) / 00:00:02:000 para top(01)
Mensaje Y / 00:00:14:000 / top(01) / bit /      1.00000 para Root(00)
Mensaje D / 00:00:14:000 / top(01) / 00:00:02:000 para Root(00)
Mensaje X / 00:00:15:000 / Root(00) / ate /      1.00000 para top(01)
Mensaje X / 00:00:15:000 / top(01) / eaten /      1.00000 para bite(02)
Mensaje D / 00:00:15:000 / bite(02) / 00:00:00:000 para top(01)
Mensaje D / 00:00:15:000 / top(01) / 00:00:00:000 para Root(00)
Mensaje * / 00:00:15:000 / Root(00) para top(01)
Mensaje * / 00:00:15:000 / top(01) para bite(02)
Mensaje D / 00:00:15:000 / bite(02) / 00:00:02:000 para top(01)
Mensaje D / 00:00:15:000 / top(01) / 00:00:02:000 para Root(00)
Mensaje * / 00:00:17:000 / Root(00) para top(01)
Mensaje * / 00:00:17:000 / top(01) para bite(02)
Mensaje D / 00:00:17:000 / bite(02) / 00:00:02:000 para top(01)
Mensaje D / 00:00:17:000 / top(01) / 00:00:02:000 para Root(00)
Mensaje * / 00:00:19:000 / Root(00) para top(01)
Mensaje * / 00:00:19:000 / top(01) para bite(02)
Mensaje D / 00:00:19:000 / bite(02) / 00:00:02:000 para top(01)
Mensaje D / 00:00:19:000 / top(01) / 00:00:02:000 para Root(00)
Mensaje X / 00:00:20:000 / Root(00) / enct /      1.00000 para top(01)
Mensaje X / 00:00:20:000 / top(01) / encounter /      1.00000 para bite(02)
Mensaje D / 00:00:20:000 / bite(02) / 00:00:00:000 para top(01)
Mensaje D / 00:00:20:000 / top(01) / 00:00:00:000 para Root(00)
Mensaje * / 00:00:20:000 / Root(00) para top(01)
Mensaje * / 00:00:20:000 / top(01) para bite(02)
Mensaje Y / 00:00:20:000 / bite(02) / bites /      1.00000 para top(01)
Mensaje D / 00:00:20:000 / bite(02) / 00:00:02:000 para top(01)
Mensaje Y / 00:00:20:000 / top(01) / bit /      1.00000 para Root(00)
Mensaje D / 00:00:20:000 / top(01) / 00:00:02:000 para Root(00)
Mensaje * / 00:00:22:000 / Root(00) para top(01)
Mensaje * / 00:00:22:000 / top(01) para bite(02)
Mensaje Y / 00:00:22:000 / bite(02) / bites /      1.00000 para top(01)
Mensaje D / 00:00:22:000 / bite(02) / 00:00:02:000 para top(01)
Mensaje Y / 00:00:22:000 / top(01) / bit /      1.00000 para Root(00)
Mensaje D / 00:00:22:000 / top(01) / 00:00:02:000 para Root(00)
Mensaje * / 00:00:24:000 / Root(00) para top(01)
Mensaje * / 00:00:24:000 / top(01) para bite(02)
Mensaje Y / 00:00:24:000 / bite(02) / bites /      1.00000 para top(01)
Mensaje D / 00:00:24:000 / bite(02) / 00:00:02:000 para top(01)
Mensaje Y / 00:00:24:000 / top(01) / bit /      1.00000 para Root(00)
Mensaje D / 00:00:24:000 / top(01) / 00:00:02:000 para Root(00)
Mensaje * / 00:00:26:000 / Root(00) para top(01)
Mensaje * / 00:00:26:000 / top(01) para bite(02)
Mensaje Y / 00:00:26:000 / bite(02) / bites /      1.00000 para top(01)
Mensaje D / 00:00:26:000 / bite(02) / 00:00:02:000 para top(01)
Mensaje Y / 00:00:26:000 / top(01) / bit /      1.00000 para Root(00)
Mensaje D / 00:00:26:000 / top(01) / 00:00:02:000 para Root(00)
Mensaje * / 00:00:28:000 / Root(00) para top(01)
Mensaje * / 00:00:28:000 / top(01) para bite(02)
Mensaje Y / 00:00:28:000 / bite(02) / bites /      1.00000 para top(01)
Mensaje D / 00:00:28:000 / bite(02) / 00:00:02:000 para top(01)
Mensaje Y / 00:00:28:000 / top(01) / bit /      1.00000 para Root(00)
Mensaje D / 00:00:28:000 / top(01) / 00:00:02:000 para Root(00)
Mensaje X / 00:00:30:000 / Root(00) / ate /      1.00000 para top(01)
Mensaje X / 00:00:30:000 / top(01) / eaten /      1.00000 para bite(02)
Mensaje D / 00:00:30:000 / bite(02) / 00:00:00:000 para top(01)
Mensaje D / 00:00:30:000 / top(01) / 00:00:00:000 para Root(00)
Mensaje * / 00:00:30:000 / Root(00) para top(01)
Mensaje * / 00:00:30:000 / top(01) para bite(02)
Mensaje D / 00:00:30:000 / bite(02) / 00:00:02:000 para top(01)
Mensaje D / 00:00:30:000 / top(01) / 00:00:02:000 para Root(00)
Mensaje X / 00:00:32:000 / Root(00) / ate /      1.00000 para top(01)
Mensaje X / 00:00:32:000 / top(01) / eaten /      1.00000 para bite(02)
Mensaje D / 00:00:32:000 / bite(02) / 00:00:00:000 para top(01)
Mensaje D / 00:00:32:000 / top(01) / 00:00:00:000 para Root(00)
Mensaje * / 00:00:32:000 / Root(00) para top(01)
Mensaje * / 00:00:32:000 / top(01) para bite(02)
Mensaje D / 00:00:32:000 / bite(02) / 00:00:02:000 para top(01)
Mensaje D / 00:00:32:000 / top(01) / 00:00:02:000 para Root(00)
Mensaje X / 00:00:33:000 / Root(00) / enct /      1.00000 para top(01)
Mensaje X / 00:00:33:000 / top(01) / encounter /      1.00000 para bite(02)
Mensaje D / 00:00:33:000 / bite(02) / 00:00:00:000 para top(01)
Mensaje D / 00:00:33:000 / top(01) / 00:00:00:000 para Root(00)
Mensaje * / 00:00:33:000 / Root(00) para top(01)
Mensaje * / 00:00:33:000 / top(01) para bite(02)
Mensaje Y / 00:00:33:000 / bite(02) / bites /      1.00000 para top(01)
Mensaje D / 00:00:33:000 / bite(02) / 00:00:02:000 para top(01)
Mensaje Y / 00:00:33:000 / top(01) / bit /      1.00000 para Root(00)
Mensaje D / 00:00:33:000 / top(01) / 00:00:02:000 para Root(00)
Mensaje * / 00:00:35:000 / Root(00) para top(01)
Mensaje * / 00:00:35:000 / top(01) para bite(02)
Mensaje Y / 00:00:35:000 / bite(02) / bites /      1.00000 para top(01)
Mensaje D / 00:00:35:000 / bite(02) / 00:00:02:000 para top(01)
Mensaje Y / 00:00:35:000 / top(01) / bit /      1.00000 para Root(00)
Mensaje D / 00:00:35:000 / top(01) / 00:00:02:000 para Root(00)
Mensaje * / 00:00:37:000 / Root(00) para top(01)
Mensaje * / 00:00:37:000 / top(01) para bite(02)
Mensaje Y / 00:00:37:000 / bite(02) / bites /      1.00000 para top(01)
Mensaje D / 00:00:37:000 / bite(02) / 00:00:02:000 para top(01)
Mensaje Y / 00:00:37:000 / top(01) / bit /      1.00000 para Root(00)
Mensaje D / 00:00:37:000 / top(01) / 00:00:02:000 para Root(00)
Mensaje X / 00:00:38:000 / Root(00) / enct /      1.00000 para top(01)
Mensaje X / 00:00:38:000 / top(01) / encounter /      1.00000 para bite(02)
Mensaje D / 00:00:38:000 / bite(02) / 00:00:00:000 para top(01)
Mensaje D / 00:00:38:000 / top(01) / 00:00:00:000 para Root(00)
Mensaje * / 00:00:38:000 / Root(00) para top(01)
Mensaje * / 00:00:38:000 / top(01) para bite(02)
Mensaje Y / 00:00:38:000 / bite(02) / bites /      1.00000 para top(01)
Mensaje D / 00:00:38:000 / bite(02) / 00:00:02:000 para top(01)
Mensaje Y / 00:00:38:000 / top(01) / bit /      1.00000 para Root(00)
Mensaje D / 00:00:38:000 / top(01) / 00:00:02:000 para Root(00)
Mensaje * / 00:00:40:000 / Root(00) para top(01)
Mensaje * / 00:00:40:000 / top(01) para bite(02)
Mensaje Y / 00:00:40:000 / bite(02) / bites /      1.00000 para top(01)
Mensaje D / 00:00:40:000 / bite(02) / 00:00:02:000 para top(01)
Mensaje Y / 00:00:40:000 / top(01) / bit /      1.00000 para Root(00)
Mensaje D / 00:00:40:000 / top(01) / 00:00:02:000 para Root(00)
Mensaje * / 00:00:42:000 / Root(00) para top(01)
Mensaje * / 00:00:42:000 / top(01) para bite(02)
Mensaje Y / 00:00:42:000 / bite(02) / bites /      1.00000 para top(01)
Mensaje D / 00:00:42:000 / bite(02) / 00:00:02:000 para top(01)
Mensaje Y / 00:00:42:000 / top(01) / bit /      1.00000 para Root(00)
Mensaje D / 00:00:42:000 / top(01) / 00:00:02:000 para Root(00)
Mensaje * / 00:00:44:000 / Root(00) para top(01)
Mensaje * / 00:00:44:000 / top(01) para bite(02)
Mensaje Y / 00:00:44:000 / bite(02) / bites /      1.00000 para top(01)
Mensaje D / 00:00:44:000 / bite(02) / 00:00:02:000 para top(01)
Mensaje Y / 00:00:44:000 / top(01) / bit /      1.00000 para Root(00)
Mensaje D / 00:00:44:000 / top(01) / 00:00:02:000 para Root(00)
Mensaje X / 00:00:45:000 / Root(00) / ate /      1.00000 para top(01)
Mensaje X / 00:00:45:000 / top(01) / eaten /      1.00000 para bite(02)
Mensaje D / 00:00:45:000 / bite(02) / 00:00:00:000 para top(01)
Mensaje D / 00:00:45:000 / top(01) / 00:00:00:000 para Root(00)
Mensaje * / 00:00:45:000 / Root(00) para top(01)
Mensaje * / 00:00:45:000 / top(01) para bite(02)
Mensaje D / 00:00:45:000 / bite(02) / 00:00:02:000 para top(01)
Mensaje D / 00:00:45:000 / top(01) / 00:00:02:000 para Root(00)
Mensaje * / 00:00:47:000 / Root(00) para top(01)
Mensaje * / 00:00:47:000 / top(01) para bite(02)
Mensaje D / 00:00:47:000 / bite(02) / 00:00:02:000 para top(01)
Mensaje D / 00:00:47:000 / top(01) / 00:00:02:000 para Root(00)
Mensaje * / 00:00:49:000 / Root(00) para top(01)
Mensaje * / 00:00:49:000 / top(01) para bite(02)
Mensaje D / 00:00:49:000 / bite(02) / 00:00:02:000 para top(01)
Mensaje D / 00:00:49:000 / top(01) / 00:00:02:000 para Root(00)
Mensaje * / 00:00:51:000 / Root(00) para top(01)
Mensaje * / 00:00:51:000 / top(01) para bite(02)
Mensaje D / 00:00:51:000 / bite(02) / 00:00:02:000 para top(01)
Mensaje D / 00:00:51:000 / top(01) / 00:00:02:000 para Root(00)
Mensaje * / 00:00:53:000 / Root(00) para top(01)
Mensaje * / 00:00:53:000 / top(01) para bite(02)
Mensaje D / 00:00:53:000 / bite(02) / 00:00:02:000 para top(01)
Mensaje D / 00:00:53:000 / top(01) / 00:00:02:000 para Root(00)
Mensaje * / 00:00:55:000 / Root(00) para top(01)
Mensaje * / 00:00:55:000 / top(01) para bite(02)
Mensaje D / 00:00:55:000 / bite(02) / 00:00:02:000 para top(01)
Mensaje D / 00:00:55:000 / top(01) / 00:00:02:000 para Root(00)
Mensaje * / 00:00:57:000 / Root(00) para top(01)
Mensaje * / 00:00:57:000 / top(01) para bite(02)
Mensaje D / 00:00:57:000 / bite(02) / 00:00:02:000 para top(01)
Mensaje D / 00:00:57:000 / top(01) / 00:00:02:000 para Root(00)
Mensaje * / 00:00:59:000 / Root(00) para top(01)
Mensaje * / 00:00:59:000 / top(01) para bite(02)
Mensaje D / 00:00:59:000 / bite(02) / 00:00:02:000 para top(01)
Mensaje D / 00:00:59:000 / top(01) / 00:00:02:000 para Root(00)
