Mensaje I / 00:00:00:000 / Root(00) para top(01)
Mensaje I / 00:00:00:000 / top(01) para bulletgenerator(02)
Mensaje D / 00:00:00:000 / bulletgenerator(02) / 00:00:00:000 para top(01)
Mensaje D / 00:00:00:000 / top(01) / 00:00:00:000 para Root(00)
Mensaje * / 00:00:00:000 / Root(00) para top(01)
Mensaje * / 00:00:00:000 / top(01) para bulletgenerator(02)
Mensaje Y / 00:00:00:000 / bulletgenerator(02) / bulletout /      1.00000 para top(01)
Mensaje D / 00:00:00:000 / bulletgenerator(02) / 00:00:09:000 para top(01)
Mensaje Y / 00:00:00:000 / top(01) / bullet /      1.00000 para Root(00)
Mensaje D / 00:00:00:000 / top(01) / 00:00:09:000 para Root(00)
Mensaje * / 00:00:09:000 / Root(00) para top(01)
Mensaje * / 00:00:09:000 / top(01) para bulletgenerator(02)
Mensaje Y / 00:00:09:000 / bulletgenerator(02) / bulletout /      1.00000 para top(01)
Mensaje D / 00:00:09:000 / bulletgenerator(02) / 00:00:02:000 para top(01)
Mensaje Y / 00:00:09:000 / top(01) / bullet /      1.00000 para Root(00)
Mensaje D / 00:00:09:000 / top(01) / 00:00:02:000 para Root(00)
Mensaje * / 00:00:11:000 / Root(00) para top(01)
Mensaje * / 00:00:11:000 / top(01) para bulletgenerator(02)
Mensaje Y / 00:00:11:000 / bulletgenerator(02) / bulletout /      1.00000 para top(01)
Mensaje D / 00:00:11:000 / bulletgenerator(02) / 00:00:01:000 para top(01)
Mensaje Y / 00:00:11:000 / top(01) / bullet /      1.00000 para Root(00)
Mensaje D / 00:00:11:000 / top(01) / 00:00:01:000 para Root(00)
Mensaje * / 00:00:12:000 / Root(00) para top(01)
Mensaje * / 00:00:12:000 / top(01) para bulletgenerator(02)
Mensaje Y / 00:00:12:000 / bulletgenerator(02) / bulletout /      1.00000 para top(01)
Mensaje D / 00:00:12:000 / bulletgenerator(02) / 00:00:06:000 para top(01)
Mensaje Y / 00:00:12:000 / top(01) / bullet /      1.00000 para Root(00)
Mensaje D / 00:00:12:000 / top(01) / 00:00:06:000 para Root(00)
Mensaje * / 00:00:18:000 / Root(00) para top(01)
Mensaje * / 00:00:18:000 / top(01) para bulletgenerator(02)
Mensaje Y / 00:00:18:000 / bulletgenerator(02) / bulletout /      1.00000 para top(01)
Mensaje D / 00:00:18:000 / bulletgenerator(02) / 00:00:08:000 para top(01)
Mensaje Y / 00:00:18:000 / top(01) / bullet /      1.00000 para Root(00)
Mensaje D / 00:00:18:000 / top(01) / 00:00:08:000 para Root(00)
Mensaje * / 00:00:26:000 / Root(00) para top(01)
Mensaje * / 00:00:26:000 / top(01) para bulletgenerator(02)
Mensaje Y / 00:00:26:000 / bulletgenerator(02) / bulletout /      1.00000 para top(01)
Mensaje D / 00:00:26:000 / bulletgenerator(02) / 00:00:01:000 para top(01)
Mensaje Y / 00:00:26:000 / top(01) / bullet /      1.00000 para Root(00)
Mensaje D / 00:00:26:000 / top(01) / 00:00:01:000 para Root(00)
Mensaje * / 00:00:27:000 / Root(00) para top(01)
Mensaje * / 00:00:27:000 / top(01) para bulletgenerator(02)
Mensaje Y / 00:00:27:000 / bulletgenerator(02) / bulletout /      1.00000 para top(01)
Mensaje D / 00:00:27:000 / bulletgenerator(02) / 00:00:07:000 para top(01)
Mensaje Y / 00:00:27:000 / top(01) / bullet /      1.00000 para Root(00)
Mensaje D / 00:00:27:000 / top(01) / 00:00:07:000 para Root(00)
Mensaje * / 00:00:34:000 / Root(00) para top(01)
Mensaje * / 00:00:34:000 / top(01) para bulletgenerator(02)
Mensaje Y / 00:00:34:000 / bulletgenerator(02) / bulletout /      1.00000 para top(01)
Mensaje D / 00:00:34:000 / bulletgenerator(02) / 00:00:03:000 para top(01)
Mensaje Y / 00:00:34:000 / top(01) / bullet /      1.00000 para Root(00)
Mensaje D / 00:00:34:000 / top(01) / 00:00:03:000 para Root(00)
Mensaje * / 00:00:37:000 / Root(00) para top(01)
Mensaje * / 00:00:37:000 / top(01) para bulletgenerator(02)
Mensaje Y / 00:00:37:000 / bulletgenerator(02) / bulletout /      1.00000 para top(01)
Mensaje D / 00:00:37:000 / bulletgenerator(02) / 00:00:09:000 para top(01)
Mensaje Y / 00:00:37:000 / top(01) / bullet /      1.00000 para Root(00)
Mensaje D / 00:00:37:000 / top(01) / 00:00:09:000 para Root(00)
Mensaje * / 00:00:46:000 / Root(00) para top(01)
Mensaje * / 00:00:46:000 / top(01) para bulletgenerator(02)
Mensaje Y / 00:00:46:000 / bulletgenerator(02) / bulletout /      1.00000 para top(01)
Mensaje D / 00:00:46:000 / bulletgenerator(02) / 00:00:03:000 para top(01)
Mensaje Y / 00:00:46:000 / top(01) / bullet /      1.00000 para Root(00)
Mensaje D / 00:00:46:000 / top(01) / 00:00:03:000 para Root(00)
Mensaje * / 00:00:49:000 / Root(00) para top(01)
Mensaje * / 00:00:49:000 / top(01) para bulletgenerator(02)
Mensaje Y / 00:00:49:000 / bulletgenerator(02) / bulletout /      1.00000 para top(01)
Mensaje D / 00:00:49:000 / bulletgenerator(02) / 00:00:02:000 para top(01)
Mensaje Y / 00:00:49:000 / top(01) / bullet /      1.00000 para Root(00)
Mensaje D / 00:00:49:000 / top(01) / 00:00:02:000 para Root(00)
Mensaje * / 00:00:51:000 / Root(00) para top(01)
Mensaje * / 00:00:51:000 / top(01) para bulletgenerator(02)
Mensaje Y / 00:00:51:000 / bulletgenerator(02) / bulletout /      1.00000 para top(01)
Mensaje D / 00:00:51:000 / bulletgenerator(02) / 00:00:09:000 para top(01)
Mensaje Y / 00:00:51:000 / top(01) / bullet /      1.00000 para Root(00)
Mensaje D / 00:00:51:000 / top(01) / 00:00:09:000 para Root(00)
Mensaje * / 00:01:00:000 / Root(00) para top(01)
Mensaje * / 00:01:00:000 / top(01) para bulletgenerator(02)
Mensaje Y / 00:01:00:000 / bulletgenerator(02) / bulletout /      1.00000 para top(01)
Mensaje D / 00:01:00:000 / bulletgenerator(02) / 00:00:08:000 para top(01)
Mensaje Y / 00:01:00:000 / top(01) / bullet /      1.00000 para Root(00)
Mensaje D / 00:01:00:000 / top(01) / 00:00:08:000 para Root(00)
