Mensaje I / 00:00:00:000 / Root(00) para top(01)
Mensaje I / 00:00:00:000 / top(01) para health(02)
Mensaje D / 00:00:00:000 / health(02) / 00:00:00:000 para top(01)
Mensaje D / 00:00:00:000 / top(01) / 00:00:00:000 para Root(00)
Mensaje * / 00:00:00:000 / Root(00) para top(01)
Mensaje * / 00:00:00:000 / top(01) para health(02)
Mensaje D / 00:00:00:000 / health(02) / ... para top(01)
Mensaje D / 00:00:00:000 / top(01) / ... para Root(00)
Mensaje X / 00:00:08:000 / Root(00) / bullet /      1.00000 para top(01)
Mensaje X / 00:00:08:000 / top(01) / hit /      1.00000 para health(02)
Mensaje D / 00:00:08:000 / health(02) / 00:00:00:000 para top(01)
Mensaje D / 00:00:08:000 / top(01) / 00:00:00:000 para Root(00)
Mensaje * / 00:00:08:000 / Root(00) para top(01)
Mensaje * / 00:00:08:000 / top(01) para health(02)
Mensaje D / 00:00:08:000 / health(02) / ... para top(01)
Mensaje D / 00:00:08:000 / top(01) / ... para Root(00)
Mensaje X / 00:00:15:000 / Root(00) / bullet /      1.00000 para top(01)
Mensaje X / 00:00:15:000 / top(01) / hit /      1.00000 para health(02)
Mensaje D / 00:00:15:000 / health(02) / 00:00:00:000 para top(01)
Mensaje D / 00:00:15:000 / top(01) / 00:00:00:000 para Root(00)
Mensaje * / 00:00:15:000 / Root(00) para top(01)
Mensaje * / 00:00:15:000 / top(01) para health(02)
Mensaje D / 00:00:15:000 / health(02) / ... para top(01)
Mensaje D / 00:00:15:000 / top(01) / ... para Root(00)
Mensaje X / 00:00:17:000 / Root(00) / bullet /      1.00000 para top(01)
Mensaje X / 00:00:17:000 / top(01) / hit /      1.00000 para health(02)
Mensaje D / 00:00:17:000 / health(02) / 00:00:00:000 para top(01)
Mensaje D / 00:00:17:000 / top(01) / 00:00:00:000 para Root(00)
Mensaje * / 00:00:17:000 / Root(00) para top(01)
Mensaje * / 00:00:17:000 / top(01) para health(02)
Mensaje D / 00:00:17:000 / health(02) / ... para top(01)
Mensaje D / 00:00:17:000 / top(01) / ... para Root(00)
Mensaje X / 00:00:20:000 / Root(00) / bullet /      1.00000 para top(01)
Mensaje X / 00:00:20:000 / top(01) / hit /      1.00000 para health(02)
Mensaje D / 00:00:20:000 / health(02) / 00:00:00:000 para top(01)
Mensaje D / 00:00:20:000 / top(01) / 00:00:00:000 para Root(00)
Mensaje * / 00:00:20:000 / Root(00) para top(01)
Mensaje * / 00:00:20:000 / top(01) para health(02)
Mensaje D / 00:00:20:000 / health(02) / ... para top(01)
Mensaje D / 00:00:20:000 / top(01) / ... para Root(00)
Mensaje X / 00:00:23:000 / Root(00) / bullet /      1.00000 para top(01)
Mensaje X / 00:00:23:000 / top(01) / hit /      1.00000 para health(02)
Mensaje D / 00:00:23:000 / health(02) / 00:00:00:000 para top(01)
Mensaje D / 00:00:23:000 / top(01) / 00:00:00:000 para Root(00)
Mensaje * / 00:00:23:000 / Root(00) para top(01)
Mensaje * / 00:00:23:000 / top(01) para health(02)
Mensaje Y / 00:00:23:000 / health(02) / death /      1.00000 para top(01)
Mensaje D / 00:00:23:000 / health(02) / ... para top(01)
Mensaje Y / 00:00:23:000 / top(01) / dead /      1.00000 para Root(00)
Mensaje D / 00:00:23:000 / top(01) / ... para Root(00)
Mensaje X / 00:00:25:000 / Root(00) / bullet /      1.00000 para top(01)
Mensaje X / 00:00:25:000 / top(01) / hit /      1.00000 para health(02)
Mensaje D / 00:00:25:000 / health(02) / 00:00:00:000 para top(01)
Mensaje D / 00:00:25:000 / top(01) / 00:00:00:000 para Root(00)
Mensaje * / 00:00:25:000 / Root(00) para top(01)
Mensaje * / 00:00:25:000 / top(01) para health(02)
Mensaje D / 00:00:25:000 / health(02) / ... para top(01)
Mensaje D / 00:00:25:000 / top(01) / ... para Root(00)
Mensaje X / 00:00:40:000 / Root(00) / bullet /      1.00000 para top(01)
Mensaje X / 00:00:40:000 / top(01) / hit /      1.00000 para health(02)
Mensaje D / 00:00:40:000 / health(02) / 00:00:00:000 para top(01)
Mensaje D / 00:00:40:000 / top(01) / 00:00:00:000 para Root(00)
Mensaje * / 00:00:40:000 / Root(00) para top(01)
Mensaje * / 00:00:40:000 / top(01) para health(02)
Mensaje D / 00:00:40:000 / health(02) / ... para top(01)
Mensaje D / 00:00:40:000 / top(01) / ... para Root(00)
Mensaje X / 00:00:42:000 / Root(00) / bullet /      1.00000 para top(01)
Mensaje X / 00:00:42:000 / top(01) / hit /      1.00000 para health(02)
Mensaje D / 00:00:42:000 / health(02) / 00:00:00:000 para top(01)
Mensaje D / 00:00:42:000 / top(01) / 00:00:00:000 para Root(00)
Mensaje * / 00:00:42:000 / Root(00) para top(01)
Mensaje * / 00:00:42:000 / top(01) para health(02)
Mensaje D / 00:00:42:000 / health(02) / ... para top(01)
Mensaje D / 00:00:42:000 / top(01) / ... para Root(00)
Mensaje X / 00:00:48:000 / Root(00) / bullet /      1.00000 para top(01)
Mensaje X / 00:00:48:000 / top(01) / hit /      1.00000 para health(02)
Mensaje D / 00:00:48:000 / health(02) / 00:00:00:000 para top(01)
Mensaje D / 00:00:48:000 / top(01) / 00:00:00:000 para Root(00)
Mensaje * / 00:00:48:000 / Root(00) para top(01)
Mensaje * / 00:00:48:000 / top(01) para health(02)
Mensaje D / 00:00:48:000 / health(02) / ... para top(01)
Mensaje D / 00:00:48:000 / top(01) / ... para Root(00)
Mensaje X / 00:00:50:000 / Root(00) / bullet /      1.00000 para top(01)
Mensaje X / 00:00:50:000 / top(01) / hit /      1.00000 para health(02)
Mensaje D / 00:00:50:000 / health(02) / 00:00:00:000 para top(01)
Mensaje D / 00:00:50:000 / top(01) / 00:00:00:000 para Root(00)
Mensaje * / 00:00:50:000 / Root(00) para top(01)
Mensaje * / 00:00:50:000 / top(01) para health(02)
Mensaje D / 00:00:50:000 / health(02) / ... para top(01)
Mensaje D / 00:00:50:000 / top(01) / ... para Root(00)
Mensaje X / 00:00:58:000 / Root(00) / bullet /      1.00000 para top(01)
Mensaje X / 00:00:58:000 / top(01) / hit /      1.00000 para health(02)
Mensaje D / 00:00:58:000 / health(02) / 00:00:00:000 para top(01)
Mensaje D / 00:00:58:000 / top(01) / 00:00:00:000 para Root(00)
Mensaje * / 00:00:58:000 / Root(00) para top(01)
Mensaje * / 00:00:58:000 / top(01) para health(02)
Mensaje D / 00:00:58:000 / health(02) / ... para top(01)
Mensaje D / 00:00:58:000 / top(01) / ... para Root(00)
