Mensaje I / 00:00:00:000 / Root(00) para top(01)
Mensaje I / 00:00:00:000 / top(01) para bulletgenerator(02)
Mensaje I / 00:00:00:000 / top(01) para singlezombie(03)
Mensaje I / 00:00:00:000 / top(01) para yard(07)
Mensaje D / 00:00:00:000 / bulletgenerator(02) / 00:00:00:000 para top(01)
Mensaje I / 00:00:00:000 / singlezombie(03) para health(04)
Mensaje I / 00:00:00:000 / singlezombie(03) para speed(05)
Mensaje I / 00:00:00:000 / singlezombie(03) para bite(06)
Mensaje D / 00:00:00:000 / yard(07) / 00:00:05:000 para top(01)
Mensaje D / 00:00:00:000 / health(04) / 00:00:00:000 para singlezombie(03)
Mensaje D / 00:00:00:000 / speed(05) / 00:00:05:000 para singlezombie(03)
Mensaje D / 00:00:00:000 / bite(06) / 00:00:00:000 para singlezombie(03)
Mensaje D / 00:00:00:000 / singlezombie(03) / 00:00:00:000 para top(01)
Mensaje D / 00:00:00:000 / top(01) / 00:00:00:000 para Root(00)
Mensaje * / 00:00:00:000 / Root(00) para top(01)
Mensaje * / 00:00:00:000 / top(01) para bulletgenerator(02)
Mensaje Y / 00:00:00:000 / bulletgenerator(02) / bulletout /      1.00000 para top(01)
Mensaje D / 00:00:00:000 / bulletgenerator(02) / 00:00:07:000 para top(01)
Mensaje X / 00:00:00:000 / top(01) / bulletout /      1.00000 para singlezombie(03)
Mensaje X / 00:00:00:000 / singlezombie(03) / hit /      1.00000 para health(04)
Mensaje D / 00:00:00:000 / health(04) / 00:00:00:000 para singlezombie(03)
Mensaje D / 00:00:00:000 / singlezombie(03) / 00:00:00:000 para top(01)
Mensaje D / 00:00:00:000 / top(01) / 00:00:00:000 para Root(00)
Mensaje * / 00:00:00:000 / Root(00) para top(01)
Mensaje * / 00:00:00:000 / top(01) para singlezombie(03)
Mensaje * / 00:00:00:000 / singlezombie(03) para health(04)
Mensaje D / 00:00:00:000 / health(04) / ... para singlezombie(03)
Mensaje D / 00:00:00:000 / singlezombie(03) / 00:00:00:000 para top(01)
Mensaje D / 00:00:00:000 / top(01) / 00:00:00:000 para Root(00)
Mensaje * / 00:00:00:000 / Root(00) para top(01)
Mensaje * / 00:00:00:000 / top(01) para singlezombie(03)
Mensaje * / 00:00:00:000 / singlezombie(03) para bite(06)
Mensaje D / 00:00:00:000 / bite(06) / 00:00:02:000 para singlezombie(03)
Mensaje D / 00:00:00:000 / singlezombie(03) / 00:00:02:000 para top(01)
Mensaje D / 00:00:00:000 / top(01) / 00:00:02:000 para Root(00)
Mensaje * / 00:00:02:000 / Root(00) para top(01)
Mensaje * / 00:00:02:000 / top(01) para singlezombie(03)
Mensaje * / 00:00:02:000 / singlezombie(03) para bite(06)
Mensaje D / 00:00:02:000 / bite(06) / 00:00:02:000 para singlezombie(03)
Mensaje D / 00:00:02:000 / singlezombie(03) / 00:00:02:000 para top(01)
Mensaje D / 00:00:02:000 / top(01) / 00:00:02:000 para Root(00)
Mensaje * / 00:00:04:000 / Root(00) para top(01)
Mensaje * / 00:00:04:000 / top(01) para singlezombie(03)
Mensaje * / 00:00:04:000 / singlezombie(03) para bite(06)
Mensaje D / 00:00:04:000 / bite(06) / 00:00:02:000 para singlezombie(03)
Mensaje D / 00:00:04:000 / singlezombie(03) / 00:00:01:000 para top(01)
Mensaje D / 00:00:04:000 / top(01) / 00:00:01:000 para Root(00)
Mensaje * / 00:00:05:000 / Root(00) para top(01)
Mensaje * / 00:00:05:000 / top(01) para singlezombie(03)
Mensaje * / 00:00:05:000 / singlezombie(03) para speed(05)
Mensaje Y / 00:00:05:000 / speed(05) / forward /      1.00000 para singlezombie(03)
Mensaje D / 00:00:05:000 / speed(05) / 00:00:05:000 para singlezombie(03)
Mensaje Y / 00:00:05:000 / singlezombie(03) / fwd /      1.00000 para top(01)
Mensaje D / 00:00:05:000 / singlezombie(03) / 00:00:01:000 para top(01)
Mensaje X / 00:00:05:000 / top(01) / forward /      1.00000 para yard(07)
Mensaje D / 00:00:05:000 / yard(07) / 00:00:00:000 para top(01)
Mensaje D / 00:00:05:000 / top(01) / 00:00:00:000 para Root(00)
Mensaje * / 00:00:05:000 / Root(00) para top(01)
Mensaje * / 00:00:05:000 / top(01) para yard(07)
Mensaje D / 00:00:05:000 / yard(07) / ... para top(01)
Mensaje D / 00:00:05:000 / top(01) / 00:00:01:000 para Root(00)
Mensaje * / 00:00:06:000 / Root(00) para top(01)
Mensaje * / 00:00:06:000 / top(01) para singlezombie(03)
Mensaje * / 00:00:06:000 / singlezombie(03) para bite(06)
Mensaje D / 00:00:06:000 / bite(06) / 00:00:02:000 para singlezombie(03)
Mensaje D / 00:00:06:000 / singlezombie(03) / 00:00:02:000 para top(01)
Mensaje D / 00:00:06:000 / top(01) / 00:00:01:000 para Root(00)
Mensaje * / 00:00:07:000 / Root(00) para top(01)
Mensaje * / 00:00:07:000 / top(01) para bulletgenerator(02)
Mensaje Y / 00:00:07:000 / bulletgenerator(02) / bulletout /      1.00000 para top(01)
Mensaje D / 00:00:07:000 / bulletgenerator(02) / 00:00:01:000 para top(01)
Mensaje X / 00:00:07:000 / top(01) / bulletout /      1.00000 para singlezombie(03)
Mensaje X / 00:00:07:000 / singlezombie(03) / hit /      1.00000 para health(04)
Mensaje D / 00:00:07:000 / health(04) / 00:00:00:000 para singlezombie(03)
Mensaje D / 00:00:07:000 / singlezombie(03) / 00:00:00:000 para top(01)
Mensaje D / 00:00:07:000 / top(01) / 00:00:00:000 para Root(00)
Mensaje * / 00:00:07:000 / Root(00) para top(01)
Mensaje * / 00:00:07:000 / top(01) para singlezombie(03)
Mensaje * / 00:00:07:000 / singlezombie(03) para health(04)
Mensaje D / 00:00:07:000 / health(04) / ... para singlezombie(03)
Mensaje D / 00:00:07:000 / singlezombie(03) / 00:00:01:000 para top(01)
Mensaje D / 00:00:07:000 / top(01) / 00:00:01:000 para Root(00)
Mensaje * / 00:00:08:000 / Root(00) para top(01)
Mensaje * / 00:00:08:000 / top(01) para bulletgenerator(02)
Mensaje Y / 00:00:08:000 / bulletgenerator(02) / bulletout /      1.00000 para top(01)
Mensaje D / 00:00:08:000 / bulletgenerator(02) / 00:00:02:000 para top(01)
Mensaje X / 00:00:08:000 / top(01) / bulletout /      1.00000 para singlezombie(03)
Mensaje X / 00:00:08:000 / singlezombie(03) / hit /      1.00000 para health(04)
Mensaje D / 00:00:08:000 / health(04) / 00:00:00:000 para singlezombie(03)
Mensaje D / 00:00:08:000 / singlezombie(03) / 00:00:00:000 para top(01)
Mensaje D / 00:00:08:000 / top(01) / 00:00:00:000 para Root(00)
Mensaje * / 00:00:08:000 / Root(00) para top(01)
Mensaje * / 00:00:08:000 / top(01) para singlezombie(03)
Mensaje * / 00:00:08:000 / singlezombie(03) para health(04)
Mensaje D / 00:00:08:000 / health(04) / ... para singlezombie(03)
Mensaje D / 00:00:08:000 / singlezombie(03) / 00:00:00:000 para top(01)
Mensaje D / 00:00:08:000 / top(01) / 00:00:00:000 para Root(00)
Mensaje * / 00:00:08:000 / Root(00) para top(01)
Mensaje * / 00:00:08:000 / top(01) para singlezombie(03)
Mensaje * / 00:00:08:000 / singlezombie(03) para bite(06)
Mensaje D / 00:00:08:000 / bite(06) / 00:00:02:000 para singlezombie(03)
Mensaje D / 00:00:08:000 / singlezombie(03) / 00:00:02:000 para top(01)
Mensaje D / 00:00:08:000 / top(01) / 00:00:02:000 para Root(00)
Mensaje * / 00:00:10:000 / Root(00) para top(01)
Mensaje * / 00:00:10:000 / top(01) para bulletgenerator(02)
Mensaje Y / 00:00:10:000 / bulletgenerator(02) / bulletout /      1.00000 para top(01)
Mensaje D / 00:00:10:000 / bulletgenerator(02) / 00:00:00:000 para top(01)
Mensaje X / 00:00:10:000 / top(01) / bulletout /      1.00000 para singlezombie(03)
Mensaje X / 00:00:10:000 / singlezombie(03) / hit /      1.00000 para health(04)
Mensaje D / 00:00:10:000 / health(04) / 00:00:00:000 para singlezombie(03)
Mensaje D / 00:00:10:000 / singlezombie(03) / 00:00:00:000 para top(01)
Mensaje D / 00:00:10:000 / top(01) / 00:00:00:000 para Root(00)
Mensaje * / 00:00:10:000 / Root(00) para top(01)
Mensaje * / 00:00:10:000 / top(01) para bulletgenerator(02)
Mensaje Y / 00:00:10:000 / bulletgenerator(02) / bulletout /      1.00000 para top(01)
Mensaje D / 00:00:10:000 / bulletgenerator(02) / 00:00:00:000 para top(01)
Mensaje X / 00:00:10:000 / top(01) / bulletout /      1.00000 para singlezombie(03)
Mensaje X / 00:00:10:000 / singlezombie(03) / hit /      1.00000 para health(04)
Mensaje D / 00:00:10:000 / health(04) / 00:00:00:000 para singlezombie(03)
Mensaje D / 00:00:10:000 / singlezombie(03) / 00:00:00:000 para top(01)
Mensaje D / 00:00:10:000 / top(01) / 00:00:00:000 para Root(00)
Mensaje * / 00:00:10:000 / Root(00) para top(01)
Mensaje * / 00:00:10:000 / top(01) para bulletgenerator(02)
Mensaje Y / 00:00:10:000 / bulletgenerator(02) / bulletout /      1.00000 para top(01)
Mensaje D / 00:00:10:000 / bulletgenerator(02) / 00:00:08:000 para top(01)
Mensaje X / 00:00:10:000 / top(01) / bulletout /      1.00000 para singlezombie(03)
Mensaje X / 00:00:10:000 / singlezombie(03) / hit /      1.00000 para health(04)
Mensaje D / 00:00:10:000 / health(04) / 00:00:00:000 para singlezombie(03)
Mensaje D / 00:00:10:000 / singlezombie(03) / 00:00:00:000 para top(01)
Mensaje D / 00:00:10:000 / top(01) / 00:00:00:000 para Root(00)
Mensaje * / 00:00:10:000 / Root(00) para top(01)
Mensaje * / 00:00:10:000 / top(01) para singlezombie(03)
Mensaje * / 00:00:10:000 / singlezombie(03) para health(04)
Mensaje Y / 00:00:10:000 / health(04) / death /      1.00000 para singlezombie(03)
Mensaje D / 00:00:10:000 / health(04) / ... para singlezombie(03)
Mensaje Y / 00:00:10:000 / singlezombie(03) / dead /      1.00000 para top(01)
Mensaje X / 00:00:10:000 / singlezombie(03) / death /      1.00000 para speed(05)
Mensaje X / 00:00:10:000 / top(01) / death /      1.00000 para yard(07)
Mensaje D / 00:00:10:000 / speed(05) / 00:00:00:000 para singlezombie(03)
Mensaje D / 00:00:10:000 / yard(07) / 00:00:00:000 para top(01)
Mensaje D / 00:00:10:000 / singlezombie(03) / 00:00:00:000 para top(01)
Mensaje D / 00:00:10:000 / top(01) / 00:00:00:000 para Root(00)
Mensaje * / 00:00:10:000 / Root(00) para top(01)
Mensaje * / 00:00:10:000 / top(01) para singlezombie(03)
Mensaje * / 00:00:10:000 / singlezombie(03) para speed(05)
Mensaje D / 00:00:10:000 / speed(05) / 00:00:05:000 para singlezombie(03)
Mensaje D / 00:00:10:000 / singlezombie(03) / 00:00:00:000 para top(01)
Mensaje D / 00:00:10:000 / top(01) / 00:00:00:000 para Root(00)
Mensaje * / 00:00:10:000 / Root(00) para top(01)
Mensaje * / 00:00:10:000 / top(01) para singlezombie(03)
Mensaje * / 00:00:10:000 / singlezombie(03) para bite(06)
Mensaje D / 00:00:10:000 / bite(06) / 00:00:02:000 para singlezombie(03)
Mensaje D / 00:00:10:000 / singlezombie(03) / 00:00:02:000 para top(01)
Mensaje D / 00:00:10:000 / top(01) / 00:00:00:000 para Root(00)
Mensaje * / 00:00:10:000 / Root(00) para top(01)
Mensaje * / 00:00:10:000 / top(01) para yard(07)
Mensaje Y / 00:00:10:000 / yard(07) / success /      0.00000 para top(01)
Mensaje D / 00:00:10:000 / yard(07) / ... para top(01)
Mensaje Y / 00:00:10:000 / top(01) / succ /      0.00000 para Root(00)
Mensaje D / 00:00:10:000 / top(01) / 00:00:02:000 para Root(00)
Mensaje * / 00:00:12:000 / Root(00) para top(01)
Mensaje * / 00:00:12:000 / top(01) para singlezombie(03)
Mensaje * / 00:00:12:000 / singlezombie(03) para bite(06)
Mensaje D / 00:00:12:000 / bite(06) / 00:00:02:000 para singlezombie(03)
Mensaje D / 00:00:12:000 / singlezombie(03) / 00:00:02:000 para top(01)
Mensaje D / 00:00:12:000 / top(01) / 00:00:02:000 para Root(00)
Mensaje * / 00:00:14:000 / Root(00) para top(01)
Mensaje * / 00:00:14:000 / top(01) para singlezombie(03)
Mensaje * / 00:00:14:000 / singlezombie(03) para bite(06)
Mensaje D / 00:00:14:000 / bite(06) / 00:00:02:000 para singlezombie(03)
Mensaje D / 00:00:14:000 / singlezombie(03) / 00:00:01:000 para top(01)
Mensaje D / 00:00:14:000 / top(01) / 00:00:01:000 para Root(00)
Mensaje * / 00:00:15:000 / Root(00) para top(01)
Mensaje * / 00:00:15:000 / top(01) para singlezombie(03)
Mensaje * / 00:00:15:000 / singlezombie(03) para speed(05)
Mensaje D / 00:00:15:000 / speed(05) / 00:00:05:000 para singlezombie(03)
Mensaje D / 00:00:15:000 / singlezombie(03) / 00:00:01:000 para top(01)
Mensaje D / 00:00:15:000 / top(01) / 00:00:01:000 para Root(00)
Mensaje * / 00:00:16:000 / Root(00) para top(01)
Mensaje * / 00:00:16:000 / top(01) para singlezombie(03)
Mensaje * / 00:00:16:000 / singlezombie(03) para bite(06)
Mensaje D / 00:00:16:000 / bite(06) / 00:00:02:000 para singlezombie(03)
Mensaje D / 00:00:16:000 / singlezombie(03) / 00:00:02:000 para top(01)
Mensaje D / 00:00:16:000 / top(01) / 00:00:02:000 para Root(00)
Mensaje * / 00:00:18:000 / Root(00) para top(01)
Mensaje * / 00:00:18:000 / top(01) para bulletgenerator(02)
Mensaje Y / 00:00:18:000 / bulletgenerator(02) / bulletout /      1.00000 para top(01)
Mensaje D / 00:00:18:000 / bulletgenerator(02) / 00:00:00:000 para top(01)
Mensaje X / 00:00:18:000 / top(01) / bulletout /      1.00000 para singlezombie(03)
Mensaje X / 00:00:18:000 / singlezombie(03) / hit /      1.00000 para health(04)
Mensaje D / 00:00:18:000 / health(04) / 00:00:00:000 para singlezombie(03)
Mensaje D / 00:00:18:000 / singlezombie(03) / 00:00:00:000 para top(01)
Mensaje D / 00:00:18:000 / top(01) / 00:00:00:000 para Root(00)
Mensaje * / 00:00:18:000 / Root(00) para top(01)
Mensaje * / 00:00:18:000 / top(01) para bulletgenerator(02)
Mensaje Y / 00:00:18:000 / bulletgenerator(02) / bulletout /      1.00000 para top(01)
Mensaje D / 00:00:18:000 / bulletgenerator(02) / 00:00:00:000 para top(01)
Mensaje X / 00:00:18:000 / top(01) / bulletout /      1.00000 para singlezombie(03)
Mensaje X / 00:00:18:000 / singlezombie(03) / hit /      1.00000 para health(04)
Mensaje D / 00:00:18:000 / health(04) / 00:00:00:000 para singlezombie(03)
Mensaje D / 00:00:18:000 / singlezombie(03) / 00:00:00:000 para top(01)
Mensaje D / 00:00:18:000 / top(01) / 00:00:00:000 para Root(00)
Mensaje * / 00:00:18:000 / Root(00) para top(01)
Mensaje * / 00:00:18:000 / top(01) para bulletgenerator(02)
Mensaje Y / 00:00:18:000 / bulletgenerator(02) / bulletout /      1.00000 para top(01)
Mensaje D / 00:00:18:000 / bulletgenerator(02) / 00:00:08:000 para top(01)
Mensaje X / 00:00:18:000 / top(01) / bulletout /      1.00000 para singlezombie(03)
Mensaje X / 00:00:18:000 / singlezombie(03) / hit /      1.00000 para health(04)
Mensaje D / 00:00:18:000 / health(04) / 00:00:00:000 para singlezombie(03)
Mensaje D / 00:00:18:000 / singlezombie(03) / 00:00:00:000 para top(01)
Mensaje D / 00:00:18:000 / top(01) / 00:00:00:000 para Root(00)
Mensaje * / 00:00:18:000 / Root(00) para top(01)
Mensaje * / 00:00:18:000 / top(01) para singlezombie(03)
Mensaje * / 00:00:18:000 / singlezombie(03) para health(04)
Mensaje D / 00:00:18:000 / health(04) / ... para singlezombie(03)
Mensaje D / 00:00:18:000 / singlezombie(03) / 00:00:00:000 para top(01)
Mensaje D / 00:00:18:000 / top(01) / 00:00:00:000 para Root(00)
Mensaje * / 00:00:18:000 / Root(00) para top(01)
Mensaje * / 00:00:18:000 / top(01) para singlezombie(03)
Mensaje * / 00:00:18:000 / singlezombie(03) para bite(06)
Mensaje D / 00:00:18:000 / bite(06) / 00:00:02:000 para singlezombie(03)
Mensaje D / 00:00:18:000 / singlezombie(03) / 00:00:02:000 para top(01)
Mensaje D / 00:00:18:000 / top(01) / 00:00:02:000 para Root(00)
Mensaje * / 00:00:20:000 / Root(00) para top(01)
Mensaje * / 00:00:20:000 / top(01) para singlezombie(03)
Mensaje * / 00:00:20:000 / singlezombie(03) para speed(05)
Mensaje D / 00:00:20:000 / speed(05) / 00:00:05:000 para singlezombie(03)
Mensaje D / 00:00:20:000 / singlezombie(03) / 00:00:00:000 para top(01)
Mensaje D / 00:00:20:000 / top(01) / 00:00:00:000 para Root(00)
Mensaje * / 00:00:20:000 / Root(00) para top(01)
Mensaje * / 00:00:20:000 / top(01) para singlezombie(03)
Mensaje * / 00:00:20:000 / singlezombie(03) para bite(06)
Mensaje D / 00:00:20:000 / bite(06) / 00:00:02:000 para singlezombie(03)
Mensaje D / 00:00:20:000 / singlezombie(03) / 00:00:02:000 para top(01)
Mensaje D / 00:00:20:000 / top(01) / 00:00:02:000 para Root(00)
Mensaje * / 00:00:22:000 / Root(00) para top(01)
Mensaje * / 00:00:22:000 / top(01) para singlezombie(03)
Mensaje * / 00:00:22:000 / singlezombie(03) para bite(06)
Mensaje D / 00:00:22:000 / bite(06) / 00:00:02:000 para singlezombie(03)
Mensaje D / 00:00:22:000 / singlezombie(03) / 00:00:02:000 para top(01)
Mensaje D / 00:00:22:000 / top(01) / 00:00:02:000 para Root(00)
Mensaje * / 00:00:24:000 / Root(00) para top(01)
Mensaje * / 00:00:24:000 / top(01) para singlezombie(03)
Mensaje * / 00:00:24:000 / singlezombie(03) para bite(06)
Mensaje D / 00:00:24:000 / bite(06) / 00:00:02:000 para singlezombie(03)
Mensaje D / 00:00:24:000 / singlezombie(03) / 00:00:01:000 para top(01)
Mensaje D / 00:00:24:000 / top(01) / 00:00:01:000 para Root(00)
Mensaje * / 00:00:25:000 / Root(00) para top(01)
Mensaje * / 00:00:25:000 / top(01) para singlezombie(03)
Mensaje * / 00:00:25:000 / singlezombie(03) para speed(05)
Mensaje D / 00:00:25:000 / speed(05) / 00:00:05:000 para singlezombie(03)
Mensaje D / 00:00:25:000 / singlezombie(03) / 00:00:01:000 para top(01)
Mensaje D / 00:00:25:000 / top(01) / 00:00:01:000 para Root(00)
Mensaje * / 00:00:26:000 / Root(00) para top(01)
Mensaje * / 00:00:26:000 / top(01) para bulletgenerator(02)
Mensaje Y / 00:00:26:000 / bulletgenerator(02) / bulletout /      1.00000 para top(01)
Mensaje D / 00:00:26:000 / bulletgenerator(02) / 00:00:07:000 para top(01)
Mensaje X / 00:00:26:000 / top(01) / bulletout /      1.00000 para singlezombie(03)
Mensaje X / 00:00:26:000 / singlezombie(03) / hit /      1.00000 para health(04)
Mensaje D / 00:00:26:000 / health(04) / 00:00:00:000 para singlezombie(03)
Mensaje D / 00:00:26:000 / singlezombie(03) / 00:00:00:000 para top(01)
Mensaje D / 00:00:26:000 / top(01) / 00:00:00:000 para Root(00)
Mensaje * / 00:00:26:000 / Root(00) para top(01)
Mensaje * / 00:00:26:000 / top(01) para singlezombie(03)
Mensaje * / 00:00:26:000 / singlezombie(03) para health(04)
Mensaje D / 00:00:26:000 / health(04) / ... para singlezombie(03)
Mensaje D / 00:00:26:000 / singlezombie(03) / 00:00:00:000 para top(01)
Mensaje D / 00:00:26:000 / top(01) / 00:00:00:000 para Root(00)
Mensaje * / 00:00:26:000 / Root(00) para top(01)
Mensaje * / 00:00:26:000 / top(01) para singlezombie(03)
Mensaje * / 00:00:26:000 / singlezombie(03) para bite(06)
Mensaje D / 00:00:26:000 / bite(06) / 00:00:02:000 para singlezombie(03)
Mensaje D / 00:00:26:000 / singlezombie(03) / 00:00:02:000 para top(01)
Mensaje D / 00:00:26:000 / top(01) / 00:00:02:000 para Root(00)
Mensaje * / 00:00:28:000 / Root(00) para top(01)
Mensaje * / 00:00:28:000 / top(01) para singlezombie(03)
Mensaje * / 00:00:28:000 / singlezombie(03) para bite(06)
Mensaje D / 00:00:28:000 / bite(06) / 00:00:02:000 para singlezombie(03)
Mensaje D / 00:00:28:000 / singlezombie(03) / 00:00:02:000 para top(01)
Mensaje D / 00:00:28:000 / top(01) / 00:00:02:000 para Root(00)
Mensaje * / 00:00:30:000 / Root(00) para top(01)
Mensaje * / 00:00:30:000 / top(01) para singlezombie(03)
Mensaje * / 00:00:30:000 / singlezombie(03) para speed(05)
Mensaje D / 00:00:30:000 / speed(05) / 00:00:05:000 para singlezombie(03)
Mensaje D / 00:00:30:000 / singlezombie(03) / 00:00:00:000 para top(01)
Mensaje D / 00:00:30:000 / top(01) / 00:00:00:000 para Root(00)
Mensaje * / 00:00:30:000 / Root(00) para top(01)
Mensaje * / 00:00:30:000 / top(01) para singlezombie(03)
Mensaje * / 00:00:30:000 / singlezombie(03) para bite(06)
Mensaje D / 00:00:30:000 / bite(06) / 00:00:02:000 para singlezombie(03)
Mensaje D / 00:00:30:000 / singlezombie(03) / 00:00:02:000 para top(01)
Mensaje D / 00:00:30:000 / top(01) / 00:00:02:000 para Root(00)
Mensaje * / 00:00:32:000 / Root(00) para top(01)
Mensaje * / 00:00:32:000 / top(01) para singlezombie(03)
Mensaje * / 00:00:32:000 / singlezombie(03) para bite(06)
Mensaje D / 00:00:32:000 / bite(06) / 00:00:02:000 para singlezombie(03)
Mensaje D / 00:00:32:000 / singlezombie(03) / 00:00:02:000 para top(01)
Mensaje D / 00:00:32:000 / top(01) / 00:00:01:000 para Root(00)
Mensaje * / 00:00:33:000 / Root(00) para top(01)
Mensaje * / 00:00:33:000 / top(01) para bulletgenerator(02)
Mensaje Y / 00:00:33:000 / bulletgenerator(02) / bulletout /      1.00000 para top(01)
Mensaje D / 00:00:33:000 / bulletgenerator(02) / 00:00:01:000 para top(01)
Mensaje X / 00:00:33:000 / top(01) / bulletout /      1.00000 para singlezombie(03)
Mensaje X / 00:00:33:000 / singlezombie(03) / hit /      1.00000 para health(04)
Mensaje D / 00:00:33:000 / health(04) / 00:00:00:000 para singlezombie(03)
Mensaje D / 00:00:33:000 / singlezombie(03) / 00:00:00:000 para top(01)
Mensaje D / 00:00:33:000 / top(01) / 00:00:00:000 para Root(00)
Mensaje * / 00:00:33:000 / Root(00) para top(01)
Mensaje * / 00:00:33:000 / top(01) para singlezombie(03)
Mensaje * / 00:00:33:000 / singlezombie(03) para health(04)
Mensaje D / 00:00:33:000 / health(04) / ... para singlezombie(03)
Mensaje D / 00:00:33:000 / singlezombie(03) / 00:00:01:000 para top(01)
Mensaje D / 00:00:33:000 / top(01) / 00:00:01:000 para Root(00)
Mensaje * / 00:00:34:000 / Root(00) para top(01)
Mensaje * / 00:00:34:000 / top(01) para bulletgenerator(02)
Mensaje Y / 00:00:34:000 / bulletgenerator(02) / bulletout /      1.00000 para top(01)
Mensaje D / 00:00:34:000 / bulletgenerator(02) / 00:00:02:000 para top(01)
Mensaje X / 00:00:34:000 / top(01) / bulletout /      1.00000 para singlezombie(03)
Mensaje X / 00:00:34:000 / singlezombie(03) / hit /      1.00000 para health(04)
Mensaje D / 00:00:34:000 / health(04) / 00:00:00:000 para singlezombie(03)
Mensaje D / 00:00:34:000 / singlezombie(03) / 00:00:00:000 para top(01)
Mensaje D / 00:00:34:000 / top(01) / 00:00:00:000 para Root(00)
Mensaje * / 00:00:34:000 / Root(00) para top(01)
Mensaje * / 00:00:34:000 / top(01) para singlezombie(03)
Mensaje * / 00:00:34:000 / singlezombie(03) para health(04)
Mensaje D / 00:00:34:000 / health(04) / ... para singlezombie(03)
Mensaje D / 00:00:34:000 / singlezombie(03) / 00:00:00:000 para top(01)
Mensaje D / 00:00:34:000 / top(01) / 00:00:00:000 para Root(00)
Mensaje * / 00:00:34:000 / Root(00) para top(01)
Mensaje * / 00:00:34:000 / top(01) para singlezombie(03)
Mensaje * / 00:00:34:000 / singlezombie(03) para bite(06)
Mensaje D / 00:00:34:000 / bite(06) / 00:00:02:000 para singlezombie(03)
Mensaje D / 00:00:34:000 / singlezombie(03) / 00:00:01:000 para top(01)
Mensaje D / 00:00:34:000 / top(01) / 00:00:01:000 para Root(00)
Mensaje * / 00:00:35:000 / Root(00) para top(01)
Mensaje * / 00:00:35:000 / top(01) para singlezombie(03)
Mensaje * / 00:00:35:000 / singlezombie(03) para speed(05)
Mensaje D / 00:00:35:000 / speed(05) / 00:00:05:000 para singlezombie(03)
Mensaje D / 00:00:35:000 / singlezombie(03) / 00:00:01:000 para top(01)
Mensaje D / 00:00:35:000 / top(01) / 00:00:01:000 para Root(00)
Mensaje * / 00:00:36:000 / Root(00) para top(01)
Mensaje * / 00:00:36:000 / top(01) para bulletgenerator(02)
Mensaje Y / 00:00:36:000 / bulletgenerator(02) / bulletout /      1.00000 para top(01)
Mensaje D / 00:00:36:000 / bulletgenerator(02) / 00:00:07:000 para top(01)
Mensaje X / 00:00:36:000 / top(01) / bulletout /      1.00000 para singlezombie(03)
Mensaje X / 00:00:36:000 / singlezombie(03) / hit /      1.00000 para health(04)
Mensaje D / 00:00:36:000 / health(04) / 00:00:00:000 para singlezombie(03)
Mensaje D / 00:00:36:000 / singlezombie(03) / 00:00:00:000 para top(01)
Mensaje D / 00:00:36:000 / top(01) / 00:00:00:000 para Root(00)
Mensaje * / 00:00:36:000 / Root(00) para top(01)
Mensaje * / 00:00:36:000 / top(01) para singlezombie(03)
Mensaje * / 00:00:36:000 / singlezombie(03) para health(04)
Mensaje D / 00:00:36:000 / health(04) / ... para singlezombie(03)
Mensaje D / 00:00:36:000 / singlezombie(03) / 00:00:00:000 para top(01)
Mensaje D / 00:00:36:000 / top(01) / 00:00:00:000 para Root(00)
Mensaje * / 00:00:36:000 / Root(00) para top(01)
Mensaje * / 00:00:36:000 / top(01) para singlezombie(03)
Mensaje * / 00:00:36:000 / singlezombie(03) para bite(06)
Mensaje D / 00:00:36:000 / bite(06) / 00:00:02:000 para singlezombie(03)
Mensaje D / 00:00:36:000 / singlezombie(03) / 00:00:02:000 para top(01)
Mensaje D / 00:00:36:000 / top(01) / 00:00:02:000 para Root(00)
Mensaje * / 00:00:38:000 / Root(00) para top(01)
Mensaje * / 00:00:38:000 / top(01) para singlezombie(03)
Mensaje * / 00:00:38:000 / singlezombie(03) para bite(06)
Mensaje D / 00:00:38:000 / bite(06) / 00:00:02:000 para singlezombie(03)
Mensaje D / 00:00:38:000 / singlezombie(03) / 00:00:02:000 para top(01)
Mensaje D / 00:00:38:000 / top(01) / 00:00:02:000 para Root(00)
Mensaje * / 00:00:40:000 / Root(00) para top(01)
Mensaje * / 00:00:40:000 / top(01) para singlezombie(03)
Mensaje * / 00:00:40:000 / singlezombie(03) para speed(05)
Mensaje D / 00:00:40:000 / speed(05) / 00:00:05:000 para singlezombie(03)
Mensaje D / 00:00:40:000 / singlezombie(03) / 00:00:00:000 para top(01)
Mensaje D / 00:00:40:000 / top(01) / 00:00:00:000 para Root(00)
Mensaje * / 00:00:40:000 / Root(00) para top(01)
Mensaje * / 00:00:40:000 / top(01) para singlezombie(03)
Mensaje * / 00:00:40:000 / singlezombie(03) para bite(06)
Mensaje D / 00:00:40:000 / bite(06) / 00:00:02:000 para singlezombie(03)
Mensaje D / 00:00:40:000 / singlezombie(03) / 00:00:02:000 para top(01)
Mensaje D / 00:00:40:000 / top(01) / 00:00:02:000 para Root(00)
Mensaje * / 00:00:42:000 / Root(00) para top(01)
Mensaje * / 00:00:42:000 / top(01) para singlezombie(03)
Mensaje * / 00:00:42:000 / singlezombie(03) para bite(06)
Mensaje D / 00:00:42:000 / bite(06) / 00:00:02:000 para singlezombie(03)
Mensaje D / 00:00:42:000 / singlezombie(03) / 00:00:02:000 para top(01)
Mensaje D / 00:00:42:000 / top(01) / 00:00:01:000 para Root(00)
Mensaje * / 00:00:43:000 / Root(00) para top(01)
Mensaje * / 00:00:43:000 / top(01) para bulletgenerator(02)
Mensaje Y / 00:00:43:000 / bulletgenerator(02) / bulletout /      1.00000 para top(01)
Mensaje D / 00:00:43:000 / bulletgenerator(02) / 00:00:05:000 para top(01)
Mensaje X / 00:00:43:000 / top(01) / bulletout /      1.00000 para singlezombie(03)
Mensaje X / 00:00:43:000 / singlezombie(03) / hit /      1.00000 para health(04)
Mensaje D / 00:00:43:000 / health(04) / 00:00:00:000 para singlezombie(03)
Mensaje D / 00:00:43:000 / singlezombie(03) / 00:00:00:000 para top(01)
Mensaje D / 00:00:43:000 / top(01) / 00:00:00:000 para Root(00)
Mensaje * / 00:00:43:000 / Root(00) para top(01)
Mensaje * / 00:00:43:000 / top(01) para singlezombie(03)
Mensaje * / 00:00:43:000 / singlezombie(03) para health(04)
Mensaje D / 00:00:43:000 / health(04) / ... para singlezombie(03)
Mensaje D / 00:00:43:000 / singlezombie(03) / 00:00:01:000 para top(01)
Mensaje D / 00:00:43:000 / top(01) / 00:00:01:000 para Root(00)
Mensaje * / 00:00:44:000 / Root(00) para top(01)
Mensaje * / 00:00:44:000 / top(01) para singlezombie(03)
Mensaje * / 00:00:44:000 / singlezombie(03) para bite(06)
Mensaje D / 00:00:44:000 / bite(06) / 00:00:02:000 para singlezombie(03)
Mensaje D / 00:00:44:000 / singlezombie(03) / 00:00:01:000 para top(01)
Mensaje D / 00:00:44:000 / top(01) / 00:00:01:000 para Root(00)
Mensaje * / 00:00:45:000 / Root(00) para top(01)
Mensaje * / 00:00:45:000 / top(01) para singlezombie(03)
Mensaje * / 00:00:45:000 / singlezombie(03) para speed(05)
Mensaje D / 00:00:45:000 / speed(05) / 00:00:05:000 para singlezombie(03)
Mensaje D / 00:00:45:000 / singlezombie(03) / 00:00:01:000 para top(01)
Mensaje D / 00:00:45:000 / top(01) / 00:00:01:000 para Root(00)
Mensaje * / 00:00:46:000 / Root(00) para top(01)
Mensaje * / 00:00:46:000 / top(01) para singlezombie(03)
Mensaje * / 00:00:46:000 / singlezombie(03) para bite(06)
Mensaje D / 00:00:46:000 / bite(06) / 00:00:02:000 para singlezombie(03)
Mensaje D / 00:00:46:000 / singlezombie(03) / 00:00:02:000 para top(01)
Mensaje D / 00:00:46:000 / top(01) / 00:00:02:000 para Root(00)
Mensaje * / 00:00:48:000 / Root(00) para top(01)
Mensaje * / 00:00:48:000 / top(01) para bulletgenerator(02)
Mensaje Y / 00:00:48:000 / bulletgenerator(02) / bulletout /      1.00000 para top(01)
Mensaje D / 00:00:48:000 / bulletgenerator(02) / 00:00:08:000 para top(01)
Mensaje X / 00:00:48:000 / top(01) / bulletout /      1.00000 para singlezombie(03)
Mensaje X / 00:00:48:000 / singlezombie(03) / hit /      1.00000 para health(04)
Mensaje D / 00:00:48:000 / health(04) / 00:00:00:000 para singlezombie(03)
Mensaje D / 00:00:48:000 / singlezombie(03) / 00:00:00:000 para top(01)
Mensaje D / 00:00:48:000 / top(01) / 00:00:00:000 para Root(00)
Mensaje * / 00:00:48:000 / Root(00) para top(01)
Mensaje * / 00:00:48:000 / top(01) para singlezombie(03)
Mensaje * / 00:00:48:000 / singlezombie(03) para health(04)
Mensaje D / 00:00:48:000 / health(04) / ... para singlezombie(03)
Mensaje D / 00:00:48:000 / singlezombie(03) / 00:00:00:000 para top(01)
Mensaje D / 00:00:48:000 / top(01) / 00:00:00:000 para Root(00)
Mensaje * / 00:00:48:000 / Root(00) para top(01)
Mensaje * / 00:00:48:000 / top(01) para singlezombie(03)
Mensaje * / 00:00:48:000 / singlezombie(03) para bite(06)
Mensaje D / 00:00:48:000 / bite(06) / 00:00:02:000 para singlezombie(03)
Mensaje D / 00:00:48:000 / singlezombie(03) / 00:00:02:000 para top(01)
Mensaje D / 00:00:48:000 / top(01) / 00:00:02:000 para Root(00)
Mensaje * / 00:00:50:000 / Root(00) para top(01)
Mensaje * / 00:00:50:000 / top(01) para singlezombie(03)
Mensaje * / 00:00:50:000 / singlezombie(03) para speed(05)
Mensaje D / 00:00:50:000 / speed(05) / 00:00:05:000 para singlezombie(03)
Mensaje D / 00:00:50:000 / singlezombie(03) / 00:00:00:000 para top(01)
Mensaje D / 00:00:50:000 / top(01) / 00:00:00:000 para Root(00)
Mensaje * / 00:00:50:000 / Root(00) para top(01)
Mensaje * / 00:00:50:000 / top(01) para singlezombie(03)
Mensaje * / 00:00:50:000 / singlezombie(03) para bite(06)
Mensaje D / 00:00:50:000 / bite(06) / 00:00:02:000 para singlezombie(03)
Mensaje D / 00:00:50:000 / singlezombie(03) / 00:00:02:000 para top(01)
Mensaje D / 00:00:50:000 / top(01) / 00:00:02:000 para Root(00)
Mensaje * / 00:00:52:000 / Root(00) para top(01)
Mensaje * / 00:00:52:000 / top(01) para singlezombie(03)
Mensaje * / 00:00:52:000 / singlezombie(03) para bite(06)
Mensaje D / 00:00:52:000 / bite(06) / 00:00:02:000 para singlezombie(03)
Mensaje D / 00:00:52:000 / singlezombie(03) / 00:00:02:000 para top(01)
Mensaje D / 00:00:52:000 / top(01) / 00:00:02:000 para Root(00)
Mensaje * / 00:00:54:000 / Root(00) para top(01)
Mensaje * / 00:00:54:000 / top(01) para singlezombie(03)
Mensaje * / 00:00:54:000 / singlezombie(03) para bite(06)
Mensaje D / 00:00:54:000 / bite(06) / 00:00:02:000 para singlezombie(03)
Mensaje D / 00:00:54:000 / singlezombie(03) / 00:00:01:000 para top(01)
Mensaje D / 00:00:54:000 / top(01) / 00:00:01:000 para Root(00)
Mensaje * / 00:00:55:000 / Root(00) para top(01)
Mensaje * / 00:00:55:000 / top(01) para singlezombie(03)
Mensaje * / 00:00:55:000 / singlezombie(03) para speed(05)
Mensaje D / 00:00:55:000 / speed(05) / 00:00:05:000 para singlezombie(03)
Mensaje D / 00:00:55:000 / singlezombie(03) / 00:00:01:000 para top(01)
Mensaje D / 00:00:55:000 / top(01) / 00:00:01:000 para Root(00)
Mensaje * / 00:00:56:000 / Root(00) para top(01)
Mensaje * / 00:00:56:000 / top(01) para bulletgenerator(02)
Mensaje Y / 00:00:56:000 / bulletgenerator(02) / bulletout /      1.00000 para top(01)
Mensaje D / 00:00:56:000 / bulletgenerator(02) / 00:00:05:000 para top(01)
Mensaje X / 00:00:56:000 / top(01) / bulletout /      1.00000 para singlezombie(03)
Mensaje X / 00:00:56:000 / singlezombie(03) / hit /      1.00000 para health(04)
Mensaje D / 00:00:56:000 / health(04) / 00:00:00:000 para singlezombie(03)
Mensaje D / 00:00:56:000 / singlezombie(03) / 00:00:00:000 para top(01)
Mensaje D / 00:00:56:000 / top(01) / 00:00:00:000 para Root(00)
Mensaje * / 00:00:56:000 / Root(00) para top(01)
Mensaje * / 00:00:56:000 / top(01) para singlezombie(03)
Mensaje * / 00:00:56:000 / singlezombie(03) para health(04)
Mensaje D / 00:00:56:000 / health(04) / ... para singlezombie(03)
Mensaje D / 00:00:56:000 / singlezombie(03) / 00:00:00:000 para top(01)
Mensaje D / 00:00:56:000 / top(01) / 00:00:00:000 para Root(00)
Mensaje * / 00:00:56:000 / Root(00) para top(01)
Mensaje * / 00:00:56:000 / top(01) para singlezombie(03)
Mensaje * / 00:00:56:000 / singlezombie(03) para bite(06)
Mensaje D / 00:00:56:000 / bite(06) / 00:00:02:000 para singlezombie(03)
Mensaje D / 00:00:56:000 / singlezombie(03) / 00:00:02:000 para top(01)
Mensaje D / 00:00:56:000 / top(01) / 00:00:02:000 para Root(00)
Mensaje * / 00:00:58:000 / Root(00) para top(01)
Mensaje * / 00:00:58:000 / top(01) para singlezombie(03)
Mensaje * / 00:00:58:000 / singlezombie(03) para bite(06)
Mensaje D / 00:00:58:000 / bite(06) / 00:00:02:000 para singlezombie(03)
Mensaje D / 00:00:58:000 / singlezombie(03) / 00:00:02:000 para top(01)
Mensaje D / 00:00:58:000 / top(01) / 00:00:02:000 para Root(00)
Mensaje * / 00:01:00:000 / Root(00) para top(01)
Mensaje * / 00:01:00:000 / top(01) para singlezombie(03)
Mensaje * / 00:01:00:000 / singlezombie(03) para speed(05)
Mensaje D / 00:01:00:000 / speed(05) / 00:00:05:000 para singlezombie(03)
Mensaje D / 00:01:00:000 / singlezombie(03) / 00:00:00:000 para top(01)
Mensaje D / 00:01:00:000 / top(01) / 00:00:00:000 para Root(00)
Mensaje * / 00:01:00:000 / Root(00) para top(01)
Mensaje * / 00:01:00:000 / top(01) para singlezombie(03)
Mensaje * / 00:01:00:000 / singlezombie(03) para bite(06)
Mensaje D / 00:01:00:000 / bite(06) / 00:00:02:000 para singlezombie(03)
Mensaje D / 00:01:00:000 / singlezombie(03) / 00:00:02:000 para top(01)
Mensaje D / 00:01:00:000 / top(01) / 00:00:01:000 para Root(00)
