Mensaje I / 00:00:00:000 / Root(00) para top(01)
Mensaje I / 00:00:00:000 / top(01) para health(02)
Mensaje I / 00:00:00:000 / top(01) para speed(03)
Mensaje I / 00:00:00:000 / top(01) para bite(04)
Mensaje D / 00:00:00:000 / health(02) / 00:00:00:000 para top(01)
Mensaje D / 00:00:00:000 / speed(03) / 00:00:05:000 para top(01)
Mensaje D / 00:00:00:000 / bite(04) / 00:00:00:000 para top(01)
Mensaje D / 00:00:00:000 / top(01) / 00:00:00:000 para Root(00)
Mensaje * / 00:00:00:000 / Root(00) para top(01)
Mensaje * / 00:00:00:000 / top(01) para health(02)
Mensaje D / 00:00:00:000 / health(02) / ... para top(01)
Mensaje D / 00:00:00:000 / top(01) / 00:00:00:000 para Root(00)
Mensaje * / 00:00:00:000 / Root(00) para top(01)
Mensaje * / 00:00:00:000 / top(01) para bite(04)
Mensaje D / 00:00:00:000 / bite(04) / 00:00:02:000 para top(01)
Mensaje D / 00:00:00:000 / top(01) / 00:00:02:000 para Root(00)
Mensaje * / 00:00:02:000 / Root(00) para top(01)
Mensaje * / 00:00:02:000 / top(01) para bite(04)
Mensaje D / 00:00:02:000 / bite(04) / 00:00:02:000 para top(01)
Mensaje D / 00:00:02:000 / top(01) / 00:00:02:000 para Root(00)
Mensaje * / 00:00:04:000 / Root(00) para top(01)
Mensaje * / 00:00:04:000 / top(01) para bite(04)
Mensaje D / 00:00:04:000 / bite(04) / 00:00:02:000 para top(01)
Mensaje D / 00:00:04:000 / top(01) / 00:00:01:000 para Root(00)
Mensaje * / 00:00:05:000 / Root(00) para top(01)
Mensaje * / 00:00:05:000 / top(01) para speed(03)
Mensaje Y / 00:00:05:000 / speed(03) / forward /      1.00000 para top(01)
Mensaje D / 00:00:05:000 / speed(03) / 00:00:05:000 para top(01)
Mensaje Y / 00:00:05:000 / top(01) / fwd /      1.00000 para Root(00)
Mensaje D / 00:00:05:000 / top(01) / 00:00:01:000 para Root(00)
Mensaje * / 00:00:06:000 / Root(00) para top(01)
Mensaje * / 00:00:06:000 / top(01) para bite(04)
Mensaje D / 00:00:06:000 / bite(04) / 00:00:02:000 para top(01)
Mensaje D / 00:00:06:000 / top(01) / 00:00:02:000 para Root(00)
Mensaje * / 00:00:08:000 / Root(00) para top(01)
Mensaje * / 00:00:08:000 / top(01) para bite(04)
Mensaje D / 00:00:08:000 / bite(04) / 00:00:02:000 para top(01)
Mensaje D / 00:00:08:000 / top(01) / 00:00:02:000 para Root(00)
Mensaje * / 00:00:10:000 / Root(00) para top(01)
Mensaje * / 00:00:10:000 / top(01) para speed(03)
Mensaje Y / 00:00:10:000 / speed(03) / forward /      1.00000 para top(01)
Mensaje D / 00:00:10:000 / speed(03) / 00:00:05:000 para top(01)
Mensaje Y / 00:00:10:000 / top(01) / fwd /      1.00000 para Root(00)
Mensaje D / 00:00:10:000 / top(01) / 00:00:00:000 para Root(00)
Mensaje * / 00:00:10:000 / Root(00) para top(01)
Mensaje * / 00:00:10:000 / top(01) para bite(04)
Mensaje D / 00:00:10:000 / bite(04) / 00:00:02:000 para top(01)
Mensaje D / 00:00:10:000 / top(01) / 00:00:02:000 para Root(00)
Mensaje * / 00:00:12:000 / Root(00) para top(01)
Mensaje * / 00:00:12:000 / top(01) para bite(04)
Mensaje D / 00:00:12:000 / bite(04) / 00:00:02:000 para top(01)
Mensaje D / 00:00:12:000 / top(01) / 00:00:02:000 para Root(00)
Mensaje * / 00:00:14:000 / Root(00) para top(01)
Mensaje * / 00:00:14:000 / top(01) para bite(04)
Mensaje D / 00:00:14:000 / bite(04) / 00:00:02:000 para top(01)
Mensaje D / 00:00:14:000 / top(01) / 00:00:01:000 para Root(00)
Mensaje * / 00:00:15:000 / Root(00) para top(01)
Mensaje * / 00:00:15:000 / top(01) para speed(03)
Mensaje Y / 00:00:15:000 / speed(03) / forward /      1.00000 para top(01)
Mensaje D / 00:00:15:000 / speed(03) / 00:00:05:000 para top(01)
Mensaje Y / 00:00:15:000 / top(01) / fwd /      1.00000 para Root(00)
Mensaje D / 00:00:15:000 / top(01) / 00:00:01:000 para Root(00)
Mensaje * / 00:00:16:000 / Root(00) para top(01)
Mensaje * / 00:00:16:000 / top(01) para bite(04)
Mensaje D / 00:00:16:000 / bite(04) / 00:00:02:000 para top(01)
Mensaje D / 00:00:16:000 / top(01) / 00:00:02:000 para Root(00)
Mensaje * / 00:00:18:000 / Root(00) para top(01)
Mensaje * / 00:00:18:000 / top(01) para bite(04)
Mensaje D / 00:00:18:000 / bite(04) / 00:00:02:000 para top(01)
Mensaje D / 00:00:18:000 / top(01) / 00:00:02:000 para Root(00)
Mensaje * / 00:00:20:000 / Root(00) para top(01)
Mensaje * / 00:00:20:000 / top(01) para speed(03)
Mensaje Y / 00:00:20:000 / speed(03) / forward /      1.00000 para top(01)
Mensaje D / 00:00:20:000 / speed(03) / 00:00:05:000 para top(01)
Mensaje Y / 00:00:20:000 / top(01) / fwd /      1.00000 para Root(00)
Mensaje D / 00:00:20:000 / top(01) / 00:00:00:000 para Root(00)
Mensaje * / 00:00:20:000 / Root(00) para top(01)
Mensaje * / 00:00:20:000 / top(01) para bite(04)
Mensaje D / 00:00:20:000 / bite(04) / 00:00:02:000 para top(01)
Mensaje D / 00:00:20:000 / top(01) / 00:00:02:000 para Root(00)
Mensaje * / 00:00:22:000 / Root(00) para top(01)
Mensaje * / 00:00:22:000 / top(01) para bite(04)
Mensaje D / 00:00:22:000 / bite(04) / 00:00:02:000 para top(01)
Mensaje D / 00:00:22:000 / top(01) / 00:00:02:000 para Root(00)
Mensaje * / 00:00:24:000 / Root(00) para top(01)
Mensaje * / 00:00:24:000 / top(01) para bite(04)
Mensaje D / 00:00:24:000 / bite(04) / 00:00:02:000 para top(01)
Mensaje D / 00:00:24:000 / top(01) / 00:00:01:000 para Root(00)
Mensaje * / 00:00:25:000 / Root(00) para top(01)
Mensaje * / 00:00:25:000 / top(01) para speed(03)
Mensaje Y / 00:00:25:000 / speed(03) / forward /      1.00000 para top(01)
Mensaje D / 00:00:25:000 / speed(03) / 00:00:05:000 para top(01)
Mensaje Y / 00:00:25:000 / top(01) / fwd /      1.00000 para Root(00)
Mensaje D / 00:00:25:000 / top(01) / 00:00:01:000 para Root(00)
Mensaje * / 00:00:26:000 / Root(00) para top(01)
Mensaje * / 00:00:26:000 / top(01) para bite(04)
Mensaje D / 00:00:26:000 / bite(04) / 00:00:02:000 para top(01)
Mensaje D / 00:00:26:000 / top(01) / 00:00:02:000 para Root(00)
Mensaje * / 00:00:28:000 / Root(00) para top(01)
Mensaje * / 00:00:28:000 / top(01) para bite(04)
Mensaje D / 00:00:28:000 / bite(04) / 00:00:02:000 para top(01)
Mensaje D / 00:00:28:000 / top(01) / 00:00:02:000 para Root(00)
Mensaje X / 00:00:30:000 / Root(00) / enct /      1.00000 para top(01)
Mensaje X / 00:00:30:000 / top(01) / encounter /      1.00000 para speed(03)
Mensaje X / 00:00:30:000 / top(01) / encounter /      1.00000 para bite(04)
Mensaje D / 00:00:30:000 / speed(03) / 00:00:00:000 para top(01)
Mensaje D / 00:00:30:000 / bite(04) / 00:00:00:000 para top(01)
Mensaje D / 00:00:30:000 / top(01) / 00:00:00:000 para Root(00)
Mensaje * / 00:00:30:000 / Root(00) para top(01)
Mensaje * / 00:00:30:000 / top(01) para speed(03)
Mensaje D / 00:00:30:000 / speed(03) / 00:00:05:000 para top(01)
Mensaje D / 00:00:30:000 / top(01) / 00:00:00:000 para Root(00)
Mensaje * / 00:00:30:000 / Root(00) para top(01)
Mensaje * / 00:00:30:000 / top(01) para bite(04)
Mensaje Y / 00:00:30:000 / bite(04) / bites /      1.00000 para top(01)
Mensaje D / 00:00:30:000 / bite(04) / 00:00:02:000 para top(01)
Mensaje Y / 00:00:30:000 / top(01) / bit /      1.00000 para Root(00)
Mensaje D / 00:00:30:000 / top(01) / 00:00:02:000 para Root(00)
Mensaje * / 00:00:32:000 / Root(00) para top(01)
Mensaje * / 00:00:32:000 / top(01) para bite(04)
Mensaje Y / 00:00:32:000 / bite(04) / bites /      1.00000 para top(01)
Mensaje D / 00:00:32:000 / bite(04) / 00:00:02:000 para top(01)
Mensaje Y / 00:00:32:000 / top(01) / bit /      1.00000 para Root(00)
Mensaje D / 00:00:32:000 / top(01) / 00:00:02:000 para Root(00)
Mensaje * / 00:00:34:000 / Root(00) para top(01)
Mensaje * / 00:00:34:000 / top(01) para bite(04)
Mensaje Y / 00:00:34:000 / bite(04) / bites /      1.00000 para top(01)
Mensaje D / 00:00:34:000 / bite(04) / 00:00:02:000 para top(01)
Mensaje Y / 00:00:34:000 / top(01) / bit /      1.00000 para Root(00)
Mensaje D / 00:00:34:000 / top(01) / 00:00:01:000 para Root(00)
Mensaje * / 00:00:35:000 / Root(00) para top(01)
Mensaje * / 00:00:35:000 / top(01) para speed(03)
Mensaje D / 00:00:35:000 / speed(03) / 00:00:05:000 para top(01)
Mensaje D / 00:00:35:000 / top(01) / 00:00:01:000 para Root(00)
Mensaje * / 00:00:36:000 / Root(00) para top(01)
Mensaje * / 00:00:36:000 / top(01) para bite(04)
Mensaje Y / 00:00:36:000 / bite(04) / bites /      1.00000 para top(01)
Mensaje D / 00:00:36:000 / bite(04) / 00:00:02:000 para top(01)
Mensaje Y / 00:00:36:000 / top(01) / bit /      1.00000 para Root(00)
Mensaje D / 00:00:36:000 / top(01) / 00:00:02:000 para Root(00)
Mensaje * / 00:00:38:000 / Root(00) para top(01)
Mensaje * / 00:00:38:000 / top(01) para bite(04)
Mensaje Y / 00:00:38:000 / bite(04) / bites /      1.00000 para top(01)
Mensaje D / 00:00:38:000 / bite(04) / 00:00:02:000 para top(01)
Mensaje Y / 00:00:38:000 / top(01) / bit /      1.00000 para Root(00)
Mensaje D / 00:00:38:000 / top(01) / 00:00:02:000 para Root(00)
Mensaje X / 00:00:40:000 / Root(00) / ate /      1.00000 para top(01)
Mensaje X / 00:00:40:000 / top(01) / eaten /      1.00000 para speed(03)
Mensaje X / 00:00:40:000 / top(01) / eaten /      1.00000 para bite(04)
Mensaje D / 00:00:40:000 / speed(03) / 00:00:00:000 para top(01)
Mensaje D / 00:00:40:000 / bite(04) / 00:00:00:000 para top(01)
Mensaje D / 00:00:40:000 / top(01) / 00:00:00:000 para Root(00)
Mensaje * / 00:00:40:000 / Root(00) para top(01)
Mensaje * / 00:00:40:000 / top(01) para speed(03)
Mensaje Y / 00:00:40:000 / speed(03) / forward /      1.00000 para top(01)
Mensaje D / 00:00:40:000 / speed(03) / 00:00:05:000 para top(01)
Mensaje Y / 00:00:40:000 / top(01) / fwd /      1.00000 para Root(00)
Mensaje D / 00:00:40:000 / top(01) / 00:00:00:000 para Root(00)
Mensaje * / 00:00:40:000 / Root(00) para top(01)
Mensaje * / 00:00:40:000 / top(01) para bite(04)
Mensaje D / 00:00:40:000 / bite(04) / 00:00:02:000 para top(01)
Mensaje D / 00:00:40:000 / top(01) / 00:00:02:000 para Root(00)
Mensaje * / 00:00:42:000 / Root(00) para top(01)
Mensaje * / 00:00:42:000 / top(01) para bite(04)
Mensaje D / 00:00:42:000 / bite(04) / 00:00:02:000 para top(01)
Mensaje D / 00:00:42:000 / top(01) / 00:00:02:000 para Root(00)
Mensaje * / 00:00:44:000 / Root(00) para top(01)
Mensaje * / 00:00:44:000 / top(01) para bite(04)
Mensaje D / 00:00:44:000 / bite(04) / 00:00:02:000 para top(01)
Mensaje D / 00:00:44:000 / top(01) / 00:00:01:000 para Root(00)
Mensaje * / 00:00:45:000 / Root(00) para top(01)
Mensaje * / 00:00:45:000 / top(01) para speed(03)
Mensaje Y / 00:00:45:000 / speed(03) / forward /      1.00000 para top(01)
Mensaje D / 00:00:45:000 / speed(03) / 00:00:05:000 para top(01)
Mensaje Y / 00:00:45:000 / top(01) / fwd /      1.00000 para Root(00)
Mensaje D / 00:00:45:000 / top(01) / 00:00:01:000 para Root(00)
Mensaje * / 00:00:46:000 / Root(00) para top(01)
Mensaje * / 00:00:46:000 / top(01) para bite(04)
Mensaje D / 00:00:46:000 / bite(04) / 00:00:02:000 para top(01)
Mensaje D / 00:00:46:000 / top(01) / 00:00:02:000 para Root(00)
Mensaje * / 00:00:48:000 / Root(00) para top(01)
Mensaje * / 00:00:48:000 / top(01) para bite(04)
Mensaje D / 00:00:48:000 / bite(04) / 00:00:02:000 para top(01)
Mensaje D / 00:00:48:000 / top(01) / 00:00:02:000 para Root(00)
Mensaje X / 00:00:50:000 / Root(00) / bulletout /      1.00000 para top(01)
Mensaje X / 00:00:50:000 / top(01) / hit /      1.00000 para health(02)
Mensaje D / 00:00:50:000 / health(02) / 00:00:00:000 para top(01)
Mensaje D / 00:00:50:000 / top(01) / 00:00:00:000 para Root(00)
Mensaje * / 00:00:50:000 / Root(00) para top(01)
Mensaje * / 00:00:50:000 / top(01) para health(02)
Mensaje D / 00:00:50:000 / health(02) / ... para top(01)
Mensaje D / 00:00:50:000 / top(01) / 00:00:00:000 para Root(00)
Mensaje * / 00:00:50:000 / Root(00) para top(01)
Mensaje * / 00:00:50:000 / top(01) para speed(03)
Mensaje Y / 00:00:50:000 / speed(03) / forward /      1.00000 para top(01)
Mensaje D / 00:00:50:000 / speed(03) / 00:00:05:000 para top(01)
Mensaje Y / 00:00:50:000 / top(01) / fwd /      1.00000 para Root(00)
Mensaje D / 00:00:50:000 / top(01) / 00:00:00:000 para Root(00)
Mensaje * / 00:00:50:000 / Root(00) para top(01)
Mensaje * / 00:00:50:000 / top(01) para bite(04)
Mensaje D / 00:00:50:000 / bite(04) / 00:00:02:000 para top(01)
Mensaje D / 00:00:50:000 / top(01) / 00:00:02:000 para Root(00)
Mensaje X / 00:00:52:000 / Root(00) / bulletout /      1.00000 para top(01)
Mensaje X / 00:00:52:000 / top(01) / hit /      1.00000 para health(02)
Mensaje D / 00:00:52:000 / health(02) / 00:00:00:000 para top(01)
Mensaje D / 00:00:52:000 / top(01) / 00:00:00:000 para Root(00)
Mensaje * / 00:00:52:000 / Root(00) para top(01)
Mensaje * / 00:00:52:000 / top(01) para health(02)
Mensaje D / 00:00:52:000 / health(02) / ... para top(01)
Mensaje D / 00:00:52:000 / top(01) / 00:00:00:000 para Root(00)
Mensaje * / 00:00:52:000 / Root(00) para top(01)
Mensaje * / 00:00:52:000 / top(01) para bite(04)
Mensaje D / 00:00:52:000 / bite(04) / 00:00:02:000 para top(01)
Mensaje D / 00:00:52:000 / top(01) / 00:00:02:000 para Root(00)
Mensaje X / 00:00:54:000 / Root(00) / bulletout /      1.00000 para top(01)
Mensaje X / 00:00:54:000 / top(01) / hit /      1.00000 para health(02)
Mensaje D / 00:00:54:000 / health(02) / 00:00:00:000 para top(01)
Mensaje D / 00:00:54:000 / top(01) / 00:00:00:000 para Root(00)
Mensaje * / 00:00:54:000 / Root(00) para top(01)
Mensaje * / 00:00:54:000 / top(01) para health(02)
Mensaje D / 00:00:54:000 / health(02) / ... para top(01)
Mensaje D / 00:00:54:000 / top(01) / 00:00:00:000 para Root(00)
Mensaje * / 00:00:54:000 / Root(00) para top(01)
Mensaje * / 00:00:54:000 / top(01) para bite(04)
Mensaje D / 00:00:54:000 / bite(04) / 00:00:02:000 para top(01)
Mensaje D / 00:00:54:000 / top(01) / 00:00:01:000 para Root(00)
Mensaje * / 00:00:55:000 / Root(00) para top(01)
Mensaje * / 00:00:55:000 / top(01) para speed(03)
Mensaje Y / 00:00:55:000 / speed(03) / forward /      1.00000 para top(01)
Mensaje D / 00:00:55:000 / speed(03) / 00:00:05:000 para top(01)
Mensaje Y / 00:00:55:000 / top(01) / fwd /      1.00000 para Root(00)
Mensaje D / 00:00:55:000 / top(01) / 00:00:01:000 para Root(00)
Mensaje X / 00:00:56:000 / Root(00) / bulletout /      1.00000 para top(01)
Mensaje X / 00:00:56:000 / top(01) / hit /      1.00000 para health(02)
Mensaje D / 00:00:56:000 / health(02) / 00:00:00:000 para top(01)
Mensaje D / 00:00:56:000 / top(01) / 00:00:00:000 para Root(00)
Mensaje * / 00:00:56:000 / Root(00) para top(01)
Mensaje * / 00:00:56:000 / top(01) para health(02)
Mensaje D / 00:00:56:000 / health(02) / ... para top(01)
Mensaje D / 00:00:56:000 / top(01) / 00:00:00:000 para Root(00)
Mensaje * / 00:00:56:000 / Root(00) para top(01)
Mensaje * / 00:00:56:000 / top(01) para bite(04)
Mensaje D / 00:00:56:000 / bite(04) / 00:00:02:000 para top(01)
Mensaje D / 00:00:56:000 / top(01) / 00:00:02:000 para Root(00)
Mensaje X / 00:00:58:000 / Root(00) / bulletout /      1.00000 para top(01)
Mensaje X / 00:00:58:000 / top(01) / hit /      1.00000 para health(02)
Mensaje D / 00:00:58:000 / health(02) / 00:00:00:000 para top(01)
Mensaje D / 00:00:58:000 / top(01) / 00:00:00:000 para Root(00)
Mensaje * / 00:00:58:000 / Root(00) para top(01)
Mensaje * / 00:00:58:000 / top(01) para health(02)
Mensaje Y / 00:00:58:000 / health(02) / death /      1.00000 para top(01)
Mensaje D / 00:00:58:000 / health(02) / ... para top(01)
Mensaje Y / 00:00:58:000 / top(01) / dead /      1.00000 para Root(00)
Mensaje X / 00:00:58:000 / top(01) / death /      1.00000 para speed(03)
Mensaje D / 00:00:58:000 / speed(03) / 00:00:00:000 para top(01)
Mensaje D / 00:00:58:000 / top(01) / 00:00:00:000 para Root(00)
Mensaje * / 00:00:58:000 / Root(00) para top(01)
Mensaje * / 00:00:58:000 / top(01) para speed(03)
Mensaje D / 00:00:58:000 / speed(03) / 00:00:05:000 para top(01)
Mensaje D / 00:00:58:000 / top(01) / 00:00:00:000 para Root(00)
Mensaje * / 00:00:58:000 / Root(00) para top(01)
Mensaje * / 00:00:58:000 / top(01) para bite(04)
Mensaje D / 00:00:58:000 / bite(04) / 00:00:02:000 para top(01)
Mensaje D / 00:00:58:000 / top(01) / 00:00:02:000 para Root(00)
Mensaje X / 00:01:00:000 / Root(00) / bulletout /      1.00000 para top(01)
Mensaje X / 00:01:00:000 / top(01) / hit /      1.00000 para health(02)
Mensaje D / 00:01:00:000 / health(02) / 00:00:00:000 para top(01)
Mensaje D / 00:01:00:000 / top(01) / 00:00:00:000 para Root(00)
Mensaje * / 00:01:00:000 / Root(00) para top(01)
Mensaje * / 00:01:00:000 / top(01) para health(02)
Mensaje D / 00:01:00:000 / health(02) / ... para top(01)
Mensaje D / 00:01:00:000 / top(01) / 00:00:00:000 para Root(00)
Mensaje * / 00:01:00:000 / Root(00) para top(01)
Mensaje * / 00:01:00:000 / top(01) para bite(04)
Mensaje D / 00:01:00:000 / bite(04) / 00:00:02:000 para top(01)
Mensaje D / 00:01:00:000 / top(01) / 00:00:02:000 para Root(00)
