Mensaje I / 00:00:00:000 / Root(00) para top(01)
Mensaje I / 00:00:00:000 / top(01) para speed(02)
Mensaje D / 00:00:00:000 / speed(02) / 00:00:05:000 para top(01)
Mensaje D / 00:00:00:000 / top(01) / 00:00:05:000 para Root(00)
Mensaje * / 00:00:05:000 / Root(00) para top(01)
Mensaje * / 00:00:05:000 / top(01) para speed(02)
Mensaje Y / 00:00:05:000 / speed(02) / forward /      1.00000 para top(01)
Mensaje D / 00:00:05:000 / speed(02) / 00:00:05:000 para top(01)
Mensaje Y / 00:00:05:000 / top(01) / fwd /      1.00000 para Root(00)
Mensaje D / 00:00:05:000 / top(01) / 00:00:05:000 para Root(00)
Mensaje * / 00:00:10:000 / Root(00) para top(01)
Mensaje * / 00:00:10:000 / top(01) para speed(02)
Mensaje Y / 00:00:10:000 / speed(02) / forward /      1.00000 para top(01)
Mensaje D / 00:00:10:000 / speed(02) / 00:00:05:000 para top(01)
Mensaje Y / 00:00:10:000 / top(01) / fwd /      1.00000 para Root(00)
Mensaje D / 00:00:10:000 / top(01) / 00:00:05:000 para Root(00)
Mensaje * / 00:00:15:000 / Root(00) para top(01)
Mensaje * / 00:00:15:000 / top(01) para speed(02)
Mensaje Y / 00:00:15:000 / speed(02) / forward /      1.00000 para top(01)
Mensaje D / 00:00:15:000 / speed(02) / 00:00:05:000 para top(01)
Mensaje Y / 00:00:15:000 / top(01) / fwd /      1.00000 para Root(00)
Mensaje D / 00:00:15:000 / top(01) / 00:00:05:000 para Root(00)
Mensaje X / 00:00:20:000 / Root(00) / enct /      1.00000 para top(01)
Mensaje X / 00:00:20:000 / top(01) / encounter /      1.00000 para speed(02)
Mensaje D / 00:00:20:000 / speed(02) / 00:00:00:000 para top(01)
Mensaje D / 00:00:20:000 / top(01) / 00:00:00:000 para Root(00)
Mensaje * / 00:00:20:000 / Root(00) para top(01)
Mensaje * / 00:00:20:000 / top(01) para speed(02)
Mensaje D / 00:00:20:000 / speed(02) / 00:00:05:000 para top(01)
Mensaje D / 00:00:20:000 / top(01) / 00:00:05:000 para Root(00)
Mensaje * / 00:00:25:000 / Root(00) para top(01)
Mensaje * / 00:00:25:000 / top(01) para speed(02)
Mensaje D / 00:00:25:000 / speed(02) / 00:00:05:000 para top(01)
Mensaje D / 00:00:25:000 / top(01) / 00:00:05:000 para Root(00)
Mensaje X / 00:00:30:000 / Root(00) / ate /      1.00000 para top(01)
Mensaje X / 00:00:30:000 / top(01) / eaten /      1.00000 para speed(02)
Mensaje D / 00:00:30:000 / speed(02) / 00:00:00:000 para top(01)
Mensaje D / 00:00:30:000 / top(01) / 00:00:00:000 para Root(00)
Mensaje * / 00:00:30:000 / Root(00) para top(01)
Mensaje * / 00:00:30:000 / top(01) para speed(02)
Mensaje Y / 00:00:30:000 / speed(02) / forward /      1.00000 para top(01)
Mensaje D / 00:00:30:000 / speed(02) / 00:00:05:000 para top(01)
Mensaje Y / 00:00:30:000 / top(01) / fwd /      1.00000 para Root(00)
Mensaje D / 00:00:30:000 / top(01) / 00:00:05:000 para Root(00)
Mensaje * / 00:00:35:000 / Root(00) para top(01)
Mensaje * / 00:00:35:000 / top(01) para speed(02)
Mensaje Y / 00:00:35:000 / speed(02) / forward /      1.00000 para top(01)
Mensaje D / 00:00:35:000 / speed(02) / 00:00:05:000 para top(01)
Mensaje Y / 00:00:35:000 / top(01) / fwd /      1.00000 para Root(00)
Mensaje D / 00:00:35:000 / top(01) / 00:00:05:000 para Root(00)
Mensaje X / 00:00:38:000 / Root(00) / enct /      1.00000 para top(01)
Mensaje X / 00:00:38:000 / top(01) / encounter /      1.00000 para speed(02)
Mensaje D / 00:00:38:000 / speed(02) / 00:00:00:000 para top(01)
Mensaje D / 00:00:38:000 / top(01) / 00:00:00:000 para Root(00)
Mensaje * / 00:00:38:000 / Root(00) para top(01)
Mensaje * / 00:00:38:000 / top(01) para speed(02)
Mensaje D / 00:00:38:000 / speed(02) / 00:00:05:000 para top(01)
Mensaje D / 00:00:38:000 / top(01) / 00:00:05:000 para Root(00)
Mensaje X / 00:00:40:000 / Root(00) / ate /      1.00000 para top(01)
Mensaje X / 00:00:40:000 / top(01) / eaten /      1.00000 para speed(02)
Mensaje D / 00:00:40:000 / speed(02) / 00:00:00:000 para top(01)
Mensaje D / 00:00:40:000 / top(01) / 00:00:00:000 para Root(00)
Mensaje * / 00:00:40:000 / Root(00) para top(01)
Mensaje * / 00:00:40:000 / top(01) para speed(02)
Mensaje Y / 00:00:40:000 / speed(02) / forward /      1.00000 para top(01)
Mensaje D / 00:00:40:000 / speed(02) / 00:00:05:000 para top(01)
Mensaje Y / 00:00:40:000 / top(01) / fwd /      1.00000 para Root(00)
Mensaje D / 00:00:40:000 / top(01) / 00:00:05:000 para Root(00)
Mensaje X / 00:00:45:000 / Root(00) / enct /      1.00000 para top(01)
Mensaje X / 00:00:45:000 / top(01) / encounter /      1.00000 para speed(02)
Mensaje D / 00:00:45:000 / speed(02) / 00:00:00:000 para top(01)
Mensaje D / 00:00:45:000 / top(01) / 00:00:00:000 para Root(00)
Mensaje * / 00:00:45:000 / Root(00) para top(01)
Mensaje * / 00:00:45:000 / top(01) para speed(02)
Mensaje D / 00:00:45:000 / speed(02) / 00:00:05:000 para top(01)
Mensaje D / 00:00:45:000 / top(01) / 00:00:05:000 para Root(00)
Mensaje X / 00:00:50:000 / Root(00) / dead /      1.00000 para top(01)
Mensaje X / 00:00:50:000 / top(01) / death /      1.00000 para speed(02)
Mensaje D / 00:00:50:000 / speed(02) / 00:00:00:000 para top(01)
Mensaje D / 00:00:50:000 / top(01) / 00:00:00:000 para Root(00)
Mensaje X / 00:00:50:000 / Root(00) / ate /      1.00000 para top(01)
Mensaje X / 00:00:50:000 / top(01) / eaten /      1.00000 para speed(02)
Mensaje D / 00:00:50:000 / speed(02) / 00:00:00:000 para top(01)
Mensaje D / 00:00:50:000 / top(01) / 00:00:00:000 para Root(00)
Mensaje * / 00:00:50:000 / Root(00) para top(01)
Mensaje * / 00:00:50:000 / top(01) para speed(02)
Mensaje Y / 00:00:50:000 / speed(02) / forward /      1.00000 para top(01)
Mensaje D / 00:00:50:000 / speed(02) / 00:00:05:000 para top(01)
Mensaje Y / 00:00:50:000 / top(01) / fwd /      1.00000 para Root(00)
Mensaje D / 00:00:50:000 / top(01) / 00:00:05:000 para Root(00)
Mensaje * / 00:00:55:000 / Root(00) para top(01)
Mensaje * / 00:00:55:000 / top(01) para speed(02)
Mensaje Y / 00:00:55:000 / speed(02) / forward /      1.00000 para top(01)
Mensaje D / 00:00:55:000 / speed(02) / 00:00:05:000 para top(01)
Mensaje Y / 00:00:55:000 / top(01) / fwd /      1.00000 para Root(00)
Mensaje D / 00:00:55:000 / top(01) / 00:00:05:000 para Root(00)
Mensaje * / 00:01:00:000 / Root(00) para top(01)
Mensaje * / 00:01:00:000 / top(01) para speed(02)
Mensaje Y / 00:01:00:000 / speed(02) / forward /      1.00000 para top(01)
Mensaje D / 00:01:00:000 / speed(02) / 00:00:05:000 para top(01)
Mensaje Y / 00:01:00:000 / top(01) / fwd /      1.00000 para Root(00)
Mensaje D / 00:01:00:000 / top(01) / 00:00:05:000 para Root(00)
