Mensaje I / 00:00:00:000 / Root(00) para top(01)
Mensaje I / 00:00:00:000 / top(01) para yard(02)
Mensaje D / 00:00:00:000 / yard(02) / 00:00:05:000 para top(01)
Mensaje D / 00:00:00:000 / top(01) / 00:00:05:000 para Root(00)
Mensaje X / 00:00:05:000 / Root(00) / fwd /      1.00000 para top(01)
Mensaje X / 00:00:05:000 / top(01) / forward /      1.00000 para yard(02)
Mensaje D / 00:00:05:000 / yard(02) / 00:00:00:000 para top(01)
Mensaje D / 00:00:05:000 / top(01) / 00:00:00:000 para Root(00)
Mensaje * / 00:00:05:000 / Root(00) para top(01)
Mensaje * / 00:00:05:000 / top(01) para yard(02)
Mensaje D / 00:00:05:000 / yard(02) / ... para top(01)
Mensaje D / 00:00:05:000 / top(01) / ... para Root(00)
Mensaje X / 00:00:07:000 / Root(00) / bit /      1.00000 para top(01)
Mensaje X / 00:00:07:000 / top(01) / bites /      1.00000 para yard(02)
Mensaje D / 00:00:07:000 / yard(02) / 00:00:00:000 para top(01)
Mensaje D / 00:00:07:000 / top(01) / 00:00:00:000 para Root(00)
Mensaje * / 00:00:07:000 / Root(00) para top(01)
Mensaje * / 00:00:07:000 / top(01) para yard(02)
Mensaje D / 00:00:07:000 / yard(02) / ... para top(01)
Mensaje D / 00:00:07:000 / top(01) / ... para Root(00)
Mensaje X / 00:00:09:000 / Root(00) / bit /      1.00000 para top(01)
Mensaje X / 00:00:09:000 / top(01) / bites /      1.00000 para yard(02)
Mensaje D / 00:00:09:000 / yard(02) / 00:00:00:000 para top(01)
Mensaje D / 00:00:09:000 / top(01) / 00:00:00:000 para Root(00)
Mensaje * / 00:00:09:000 / Root(00) para top(01)
Mensaje * / 00:00:09:000 / top(01) para yard(02)
Mensaje D / 00:00:09:000 / yard(02) / ... para top(01)
Mensaje D / 00:00:09:000 / top(01) / ... para Root(00)
Mensaje X / 00:00:11:000 / Root(00) / bit /      1.00000 para top(01)
Mensaje X / 00:00:11:000 / top(01) / bites /      1.00000 para yard(02)
Mensaje D / 00:00:11:000 / yard(02) / 00:00:00:000 para top(01)
Mensaje D / 00:00:11:000 / top(01) / 00:00:00:000 para Root(00)
Mensaje * / 00:00:11:000 / Root(00) para top(01)
Mensaje * / 00:00:11:000 / top(01) para yard(02)
Mensaje D / 00:00:11:000 / yard(02) / ... para top(01)
Mensaje D / 00:00:11:000 / top(01) / ... para Root(00)
Mensaje X / 00:00:13:000 / Root(00) / bit /      1.00000 para top(01)
Mensaje X / 00:00:13:000 / top(01) / bites /      1.00000 para yard(02)
Mensaje D / 00:00:13:000 / yard(02) / 00:00:00:000 para top(01)
Mensaje D / 00:00:13:000 / top(01) / 00:00:00:000 para Root(00)
Mensaje * / 00:00:13:000 / Root(00) para top(01)
Mensaje * / 00:00:13:000 / top(01) para yard(02)
Mensaje D / 00:00:13:000 / yard(02) / ... para top(01)
Mensaje D / 00:00:13:000 / top(01) / ... para Root(00)
Mensaje X / 00:00:15:000 / Root(00) / bit /      1.00000 para top(01)
Mensaje X / 00:00:15:000 / top(01) / bites /      1.00000 para yard(02)
Mensaje D / 00:00:15:000 / yard(02) / 00:00:00:000 para top(01)
Mensaje D / 00:00:15:000 / top(01) / 00:00:00:000 para Root(00)
Mensaje * / 00:00:15:000 / Root(00) para top(01)
Mensaje * / 00:00:15:000 / top(01) para yard(02)
Mensaje Y / 00:00:15:000 / yard(02) / eaten /      1.00000 para top(01)
Mensaje D / 00:00:15:000 / yard(02) / ... para top(01)
Mensaje Y / 00:00:15:000 / top(01) / ate /      1.00000 para Root(00)
Mensaje D / 00:00:15:000 / top(01) / ... para Root(00)
Mensaje X / 00:00:17:000 / Root(00) / bit /      1.00000 para top(01)
Mensaje X / 00:00:17:000 / top(01) / bites /      1.00000 para yard(02)
Mensaje D / 00:00:17:000 / yard(02) / 00:00:00:000 para top(01)
Mensaje D / 00:00:17:000 / top(01) / 00:00:00:000 para Root(00)
Mensaje * / 00:00:17:000 / Root(00) para top(01)
Mensaje * / 00:00:17:000 / top(01) para yard(02)
Mensaje D / 00:00:17:000 / yard(02) / ... para top(01)
Mensaje D / 00:00:17:000 / top(01) / ... para Root(00)
Mensaje X / 00:00:19:000 / Root(00) / bit /      1.00000 para top(01)
Mensaje X / 00:00:19:000 / top(01) / bites /      1.00000 para yard(02)
Mensaje D / 00:00:19:000 / yard(02) / 00:00:00:000 para top(01)
Mensaje D / 00:00:19:000 / top(01) / 00:00:00:000 para Root(00)
Mensaje * / 00:00:19:000 / Root(00) para top(01)
Mensaje * / 00:00:19:000 / top(01) para yard(02)
Mensaje D / 00:00:19:000 / yard(02) / ... para top(01)
Mensaje D / 00:00:19:000 / top(01) / ... para Root(00)
Mensaje X / 00:00:21:000 / Root(00) / dead /      1.00000 para top(01)
Mensaje X / 00:00:21:000 / top(01) / death /      1.00000 para yard(02)
Mensaje D / 00:00:21:000 / yard(02) / 00:00:00:000 para top(01)
Mensaje D / 00:00:21:000 / top(01) / 00:00:00:000 para Root(00)
Mensaje * / 00:00:21:000 / Root(00) para top(01)
Mensaje * / 00:00:21:000 / top(01) para yard(02)
Mensaje Y / 00:00:21:000 / yard(02) / success /      0.00000 para top(01)
Mensaje D / 00:00:21:000 / yard(02) / ... para top(01)
Mensaje Y / 00:00:21:000 / top(01) / win /      0.00000 para Root(00)
Mensaje D / 00:00:21:000 / top(01) / ... para Root(00)
Mensaje X / 00:00:23:000 / Root(00) / fwd /      1.00000 para top(01)
Mensaje X / 00:00:23:000 / top(01) / forward /      1.00000 para yard(02)
Mensaje D / 00:00:23:000 / yard(02) / 00:00:00:000 para top(01)
Mensaje D / 00:00:23:000 / top(01) / 00:00:00:000 para Root(00)
Mensaje * / 00:00:23:000 / Root(00) para top(01)
Mensaje * / 00:00:23:000 / top(01) para yard(02)
Mensaje D / 00:00:23:000 / yard(02) / ... para top(01)
Mensaje D / 00:00:23:000 / top(01) / ... para Root(00)
Mensaje X / 00:00:25:000 / Root(00) / fwd /      1.00000 para top(01)
Mensaje X / 00:00:25:000 / top(01) / forward /      1.00000 para yard(02)
Mensaje D / 00:00:25:000 / yard(02) / 00:00:00:000 para top(01)
Mensaje D / 00:00:25:000 / top(01) / 00:00:00:000 para Root(00)
Mensaje * / 00:00:25:000 / Root(00) para top(01)
Mensaje * / 00:00:25:000 / top(01) para yard(02)
Mensaje D / 00:00:25:000 / yard(02) / ... para top(01)
Mensaje D / 00:00:25:000 / top(01) / ... para Root(00)
Mensaje X / 00:00:27:000 / Root(00) / fwd /      1.00000 para top(01)
Mensaje X / 00:00:27:000 / top(01) / forward /      1.00000 para yard(02)
Mensaje D / 00:00:27:000 / yard(02) / 00:00:00:000 para top(01)
Mensaje D / 00:00:27:000 / top(01) / 00:00:00:000 para Root(00)
Mensaje * / 00:00:27:000 / Root(00) para top(01)
Mensaje * / 00:00:27:000 / top(01) para yard(02)
Mensaje D / 00:00:27:000 / yard(02) / ... para top(01)
Mensaje D / 00:00:27:000 / top(01) / ... para Root(00)
Mensaje X / 00:00:30:000 / Root(00) / fwd /      1.00000 para top(01)
Mensaje X / 00:00:30:000 / top(01) / forward /      1.00000 para yard(02)
Mensaje D / 00:00:30:000 / yard(02) / 00:00:00:000 para top(01)
Mensaje D / 00:00:30:000 / top(01) / 00:00:00:000 para Root(00)
Mensaje * / 00:00:30:000 / Root(00) para top(01)
Mensaje * / 00:00:30:000 / top(01) para yard(02)
Mensaje D / 00:00:30:000 / yard(02) / ... para top(01)
Mensaje D / 00:00:30:000 / top(01) / ... para Root(00)
Mensaje X / 00:00:32:000 / Root(00) / fwd /      1.00000 para top(01)
Mensaje X / 00:00:32:000 / top(01) / forward /      1.00000 para yard(02)
Mensaje D / 00:00:32:000 / yard(02) / 00:00:00:000 para top(01)
Mensaje D / 00:00:32:000 / top(01) / 00:00:00:000 para Root(00)
Mensaje * / 00:00:32:000 / Root(00) para top(01)
Mensaje * / 00:00:32:000 / top(01) para yard(02)
Mensaje D / 00:00:32:000 / yard(02) / ... para top(01)
Mensaje D / 00:00:32:000 / top(01) / ... para Root(00)
Mensaje X / 00:00:34:000 / Root(00) / fwd /      1.00000 para top(01)
Mensaje X / 00:00:34:000 / top(01) / forward /      1.00000 para yard(02)
Mensaje D / 00:00:34:000 / yard(02) / 00:00:00:000 para top(01)
Mensaje D / 00:00:34:000 / top(01) / 00:00:00:000 para Root(00)
Mensaje * / 00:00:34:000 / Root(00) para top(01)
Mensaje * / 00:00:34:000 / top(01) para yard(02)
Mensaje D / 00:00:34:000 / yard(02) / ... para top(01)
Mensaje D / 00:00:34:000 / top(01) / ... para Root(00)
Mensaje X / 00:00:36:000 / Root(00) / fwd /      1.00000 para top(01)
Mensaje X / 00:00:36:000 / top(01) / forward /      1.00000 para yard(02)
Mensaje D / 00:00:36:000 / yard(02) / 00:00:00:000 para top(01)
Mensaje D / 00:00:36:000 / top(01) / 00:00:00:000 para Root(00)
Mensaje * / 00:00:36:000 / Root(00) para top(01)
Mensaje * / 00:00:36:000 / top(01) para yard(02)
Mensaje D / 00:00:36:000 / yard(02) / ... para top(01)
Mensaje D / 00:00:36:000 / top(01) / ... para Root(00)
Mensaje X / 00:00:38:000 / Root(00) / fwd /      1.00000 para top(01)
Mensaje X / 00:00:38:000 / top(01) / forward /      1.00000 para yard(02)
Mensaje D / 00:00:38:000 / yard(02) / 00:00:00:000 para top(01)
Mensaje D / 00:00:38:000 / top(01) / 00:00:00:000 para Root(00)
Mensaje * / 00:00:38:000 / Root(00) para top(01)
Mensaje * / 00:00:38:000 / top(01) para yard(02)
Mensaje D / 00:00:38:000 / yard(02) / ... para top(01)
Mensaje D / 00:00:38:000 / top(01) / ... para Root(00)
Mensaje X / 00:00:40:000 / Root(00) / fwd /      1.00000 para top(01)
Mensaje X / 00:00:40:000 / top(01) / forward /      1.00000 para yard(02)
Mensaje D / 00:00:40:000 / yard(02) / 00:00:00:000 para top(01)
Mensaje D / 00:00:40:000 / top(01) / 00:00:00:000 para Root(00)
Mensaje * / 00:00:40:000 / Root(00) para top(01)
Mensaje * / 00:00:40:000 / top(01) para yard(02)
Mensaje D / 00:00:40:000 / yard(02) / ... para top(01)
Mensaje D / 00:00:40:000 / top(01) / ... para Root(00)
Mensaje X / 00:00:42:000 / Root(00) / fwd /      1.00000 para top(01)
Mensaje X / 00:00:42:000 / top(01) / forward /      1.00000 para yard(02)
Mensaje D / 00:00:42:000 / yard(02) / 00:00:00:000 para top(01)
Mensaje D / 00:00:42:000 / top(01) / 00:00:00:000 para Root(00)
Mensaje * / 00:00:42:000 / Root(00) para top(01)
Mensaje * / 00:00:42:000 / top(01) para yard(02)
Mensaje D / 00:00:42:000 / yard(02) / ... para top(01)
Mensaje D / 00:00:42:000 / top(01) / ... para Root(00)
Mensaje X / 00:00:46:000 / Root(00) / fwd /      1.00000 para top(01)
Mensaje X / 00:00:46:000 / top(01) / forward /      1.00000 para yard(02)
Mensaje D / 00:00:46:000 / yard(02) / 00:00:00:000 para top(01)
Mensaje D / 00:00:46:000 / top(01) / 00:00:00:000 para Root(00)
Mensaje * / 00:00:46:000 / Root(00) para top(01)
Mensaje * / 00:00:46:000 / top(01) para yard(02)
Mensaje D / 00:00:46:000 / yard(02) / ... para top(01)
Mensaje D / 00:00:46:000 / top(01) / ... para Root(00)
